20231026	18:25:31	d8bea7d7-b2da-4e23-b420-0f464256dee0	GET	/	undefined
20231026	18:30:50	66ce65b4-be6c-415a-a6d7-322c57d918a0	GET	/	undefined
20231026	18:31:11	6846bc4e-8350-49b8-976f-aef64e3f5b0e	GET	/	undefined
20231027	14:08:45	934bc799-2ba1-4f9c-9fbc-faa3eb9a7146	GET	/auth/login	undefined
20231027	14:08:50	473021e5-fc11-42cd-a27a-fc5fbb8f7345	POST	/auth/login	undefined
20231027	14:09:22	908c97df-6470-4808-ab1f-300f9a604d13	POST	/auth/login	undefined
20231027	14:09:43	fd87d63c-c7f5-49ac-b9cf-180eaed4f374	POST	/auth/login	undefined
20231027	14:20:29	cf2b7d03-9629-4a55-b4a1-f1cb91313330	POST	/auth/register	undefined
20231027	14:24:26	a3472d1b-5b35-4032-83aa-d7ad9a044f1b	POST	/auth/register	undefined
20231027	14:27:46	8ec55b5a-0bf3-471b-a338-81adfd660d00	POST	/auth/register	undefined
20231027	14:29:15	36d5bf36-eb5f-4604-a9a6-2e67ec1cf349	POST	/auth/register	undefined
20231027	14:30:45	ebc616dc-6ede-4db4-a393-9350891e7f1c	POST	/auth/register	undefined
20231027	14:35:44	d3d36e26-0c67-404b-8a96-4b7d850d6deb	POST	/auth/register	undefined
20231027	14:36:39	f990fcbf-4bed-4afa-8de0-29a330242c40	POST	/auth/register	undefined
20231027	18:55:03	a2b77abf-ab30-46df-b14b-fa854fdcb92b	POST	/auth/login	undefined
20231027	18:55:11	b36eaabe-dc95-42d3-8ae9-bf83ef65af75	POST	/auth/login	undefined
20231027	18:55:16	07c90000-99dd-4587-9e52-663575880246	POST	/auth/login	undefined
20231027	18:56:07	e30ee212-aea1-4001-83c3-8b38b276d8ad	POST	/auth/login	undefined
20231028	09:19:00	e9d1caaa-0f25-4943-817f-f338f6f049d8	GET	/tasks	undefined
20231028	09:19:09	9f171f5a-230f-4721-8be3-1cafbe3ffa48	GET	/tasks	undefined
20231028	09:20:35	b2317fc6-95e7-4026-b9df-4f4e48f8b675	POST	/tasks	undefined
20231028	09:22:44	50765d10-126e-4d8d-9a9d-74b1e12b6b60	PATCH	/tasks	undefined
20231028	09:23:41	4f106e8c-e93e-468f-9b7d-1158832125c6	PATCH	/tasks	undefined
20231028	09:24:37	f0d8c6d7-01df-49b0-910d-60c35d018575	PATCH	/tasks	undefined
20231028	09:25:29	d21adbeb-b635-47cf-b48a-5f80ad56e58d	POST	/tasks	undefined
20231028	09:26:38	6fd6bc9e-969a-4eba-a09d-fc2fc2018bb3	DELETE	/tasks	undefined
20231028	09:27:31	7a80bc34-348a-41a9-9e9f-b82b91c14050	GET	/tasks/planned	undefined
20231028	09:27:43	624efbe4-3d9a-43f2-932b-20f299f88805	GET	/tasks/planned	undefined
20231028	09:28:52	b9d4baac-e71c-4197-ba98-2eeea7dd0a68	POST	/tasks	undefined
20231028	09:28:59	1b68976d-310d-421b-95c8-a8b8f7b6c2ce	POST	/tasks	undefined
20231028	09:29:04	70b18bc5-d8e6-41df-9617-90f2ceadade9	POST	/tasks	undefined
20231028	09:29:08	29fa20f3-c423-4251-af5e-01c056d83232	POST	/tasks	undefined
20231028	09:29:18	44c3aa06-a3d2-46dc-89c7-ac422555c343	POST	/tasks	undefined
20231028	09:29:30	2625df4e-eef0-4c1f-84f0-d44e8152cee1	POST	/tasks	undefined
20231028	09:30:21	9370131c-784b-4e1f-be02-fc7944729e50	POST	/tasks	undefined
20231028	09:30:32	c96f7f5c-f7cb-43b2-a1d3-645810b30dc4	POST	/tasks	undefined
20231028	09:30:58	92d26c6a-4915-4573-869c-ee06a2cc91b4	POST	/tasks	undefined
20231028	09:31:35	15f40a14-f54f-4128-ba53-9ee679e51150	GET	/tasks/planned	undefined
20231028	09:32:01	1295e4fd-ebaa-4504-9d2c-a03a8418e274	GET	/tasks/myday	undefined
20231028	09:32:43	b55f7722-36fd-4576-8d2d-3a6f7c0dc6f9	GET	/tasks/myday	undefined
20231028	09:35:04	e4a85ae4-b945-498c-87b9-dd08e89a7075	GET	/tasks/myday	undefined
20231028	09:36:19	e373a5b1-5552-44e9-b733-68ece971abf3	GET	/tasks/myday	undefined
20231028	09:36:44	b67c2055-5730-49cf-9ded-8530a08370bb	GET	/tasks/myday	undefined
20231028	09:37:10	c2827193-9a72-45a4-97d4-b66dcbf2a8a9	GET	/tasks/important	undefined
20231028	09:37:30	942af9df-8f8f-425a-ad1a-8184ed926e24	GET	/tasks/listSpecific	undefined
20231028	09:46:48	1fdef110-cdbd-40b2-b8e8-f3cc601617bd	GET	/lists	undefined
20231028	09:46:55	14b083bc-50e3-407a-ab07-bb465a9dd289	GET	/lists	undefined
20231028	09:47:19	ea607925-d173-4321-8446-b9d538f50d0c	POST	/lists	undefined
20231028	09:47:52	eae9fba7-bd9c-4634-9cc3-8c6abb9bb8dd	POST	/lists	undefined
20231028	09:49:29	9bcd0ac5-1b65-4c98-8913-ff6e83b66f22	PATCH	/tasks	undefined
20231028	09:49:49	32aba64f-f8fc-4513-9f6a-3d6e74d01417	GET	/tasks/listSpecific	undefined
20231028	10:03:19	59929076-5214-46ee-b875-53357c5b7a0d	OPTIONS	/auth/login	http://localhost:5173
20231028	10:03:21	c53ad2ac-df6c-42b7-b4e3-8c5f6d013441	OPTIONS	/auth/login	http://localhost:5173
20231028	10:03:22	d3f4c345-ce6a-4d91-95b8-386070d0d87e	OPTIONS	/auth/login	http://localhost:5173
20231028	10:05:44	2229a7f9-2708-4890-b2c1-56218df43b9f	OPTIONS	/auth/login	http://localhost:5173
20231028	10:05:44	789ab20e-989c-469f-b42b-349fb427ece4	POST	/auth/login	http://localhost:5173
20231028	10:07:02	60d0e14d-83c6-4543-8391-a2eb56b98c9a	OPTIONS	/auth/login	http://localhost:5173
20231028	10:07:02	9fa195c0-d0c3-4456-96e7-2fc059db0758	POST	/auth/login	http://localhost:5173
20231028	10:07:09	64094b70-6920-4a3c-8b47-68cfc918707f	OPTIONS	/auth/login	http://localhost:5173
20231028	10:07:09	820b8892-1a41-4bbc-90e7-27669272cd5c	POST	/auth/login	http://localhost:5173
20231028	10:07:42	99f3add1-6bac-4581-abd9-26445eebb393	OPTIONS	/auth/register	http://localhost:5173
20231028	10:07:42	e3ede70c-0d03-497d-b322-cf5a9db454af	POST	/auth/register	http://localhost:5173
20231028	10:07:54	e33ec4ae-daef-4f10-a6c9-47f84774e2df	OPTIONS	/auth/login	http://localhost:5173
20231028	10:07:54	6d014115-b342-4f5a-9f79-dcbb4b7c3a2d	POST	/auth/login	http://localhost:5173
20231028	10:09:01	9df9d533-6d96-47b4-9db7-093f3692362c	OPTIONS	/auth/register	http://localhost:5173
20231028	10:09:01	02803f65-a4d6-4f53-9414-92fd18aecb80	POST	/auth/register	http://localhost:5173
20231028	10:09:10	34ebe0a8-1047-4ad8-9b62-a82e2069e3a0	OPTIONS	/auth/login	http://localhost:5173
20231028	10:09:10	0b5b18ce-70bd-4d6e-a669-de5c894b71b2	POST	/auth/login	http://localhost:5173
20231028	10:18:26	f89e6f1e-5ec5-4370-bfe5-9471f44af0a5	GET	/tasks	http://localhost:5173
20231028	10:18:33	6bebead0-c4ff-4eec-b9ca-16f1e960c778	GET	/tasks	http://localhost:5173
20231028	10:19:00	34ffbcf5-720c-4fc5-a883-caa706a14e11	GET	/tasks	http://localhost:5173
20231028	10:30:20	2b57a523-d88a-4ecf-ad41-bbcb1840003c	GET	/tasks	http://localhost:5173
20231028	14:22:35	329eead0-8fd6-4e5b-8513-42e78fa5d062	GET	/tasks	http://localhost:5173
20231028	15:00:03	121b0147-099f-4ad6-a19f-c60145988c49	GET	/tasks	http://localhost:5173
20231028	16:16:09	f8f303d0-b9de-4151-a06f-0974ff92d90c	GET	/tasks	http://localhost:5173
20231028	17:45:33	73be4841-1e44-46a9-bd7c-d5d259678d11	GET	/tasks	http://localhost:5173
20231028	18:09:52	6642944d-fb7d-4915-82dc-1851f1783efb	GET	/tasks	http://localhost:5173
20231028	20:28:49	461ef2d3-7355-4027-b626-f437eb06c940	GET	/tasks	http://localhost:5173
20231028	20:29:50	71d4c0a0-4b12-4fe9-b1a5-2383869d4020	GET	/tasks?userId=1003	http://localhost:5173
20231028	20:29:55	c87f9d20-22c4-440b-8a6e-6594fc39177f	GET	/tasks?userId=1003	http://localhost:5173
20231028	20:29:56	6849308d-99f2-4893-b470-1e5dbe6f4a86	GET	/tasks?userId=1003	http://localhost:5173
20231028	20:30:16	4156f79c-de08-4297-b895-23dbc3636bd6	GET	/tasks	http://localhost:5173
20231028	20:32:34	07b7fd43-ccf3-437a-8399-de538003f9c6	GET	/tasks	http://localhost:5173
20231028	20:33:52	c7861bc8-8c1e-4f0a-9fc0-74cceb0649dd	GET	/tasks	http://localhost:5173
20231028	20:34:00	d5d82094-a2db-4cf2-97c1-c48196c8a140	GET	/tasks	http://localhost:5173
20231028	20:34:47	733d5c89-acbd-4120-9024-b0f69c20c5e1	OPTIONS	/auth/login	http://localhost:5173
20231028	20:34:47	f7c34685-22ae-4a12-ba73-5a61a247bbe8	POST	/auth/login	http://localhost:5173
20231028	20:37:13	efac142a-5dbc-46b6-9b9e-d45afbe70d43	GET	/tasks	http://localhost:5173
20231028	20:37:20	f56919eb-5dff-404d-85fe-8adf36168b1f	GET	/tasks	http://localhost:5173
20231028	20:37:41	774ebc6f-05f1-4741-9fa8-d8c331ff59ad	GET	/tasks	undefined
20231028	20:39:15	7410ad14-f87a-463b-809b-b5e34dbc88b1	GET	/tasks	http://localhost:5173
20231028	20:39:16	ff4dc1bf-68e2-4669-ac5d-d5a37a082ecb	GET	/tasks	http://localhost:5173
20231028	20:39:17	4be77442-e12a-410b-8ca6-8240fc27c696	GET	/tasks	http://localhost:5173
20231028	20:39:18	b1871c6e-c61e-46fd-818e-d61f1d3f858a	GET	/tasks	http://localhost:5173
20231028	20:41:35	e687ed3c-196d-4f2f-93c4-e0cf19c05e7e	GET	/tasks	http://localhost:5173
20231028	20:41:49	d034f05c-8480-4cf7-86f7-0701ed646af0	GET	/tasks	undefined
20231028	20:43:38	3fe0d049-6a4c-4882-ab7c-83b2bec5a031	GET	/tasks	http://localhost:5173
20231028	20:43:41	7d52d839-90cf-4867-9829-1eab980798b1	GET	/tasks	http://localhost:5173
20231028	20:43:41	d403cad5-f548-46c9-bef9-2933bc846eba	GET	/tasks	http://localhost:5173
20231028	20:43:42	6dbf52b5-899c-41af-82b4-52746cdfd40a	GET	/tasks	http://localhost:5173
20231028	20:44:49	c5d92eb8-c9f0-4d75-a3da-7105ae4f82e9	GET	/tasks	http://localhost:5173
20231028	20:46:50	66cf08cb-f953-459f-acaf-37e57450967a	GET	/tasks	http://localhost:5173
20231028	20:47:14	36f83f6c-0166-4ded-8027-3cff840d6de0	GET	/tasks	http://localhost:5173
20231028	20:47:17	63ba4cf2-4f9b-49ae-ac83-41b67364d6de	GET	/tasks	http://localhost:5173
20231028	20:48:12	ad2ac5c9-2bbb-4193-a031-be29eb590160	GET	/tasks	http://localhost:5173
20231028	20:48:22	cf7ff4d3-a53f-43d9-b600-05b7e591efe1	OPTIONS	/auth/login	http://localhost:5173
20231028	20:48:22	a8d854de-9a28-4280-a018-ede3fccd3248	POST	/auth/login	http://localhost:5173
20231028	20:48:22	d83246e9-ae18-42b7-b397-33690e630faa	GET	/tasks	http://localhost:5173
20231028	20:48:39	3dd2f1a6-828e-46df-8efe-b5ff9b061526	GET	/lists	http://localhost:5173
20231028	20:48:59	c6eb1719-fa08-4616-9db8-df7fd2462a7b	GET	/	http://localhost:5173
20231028	20:49:51	b17f14ac-1cce-4a15-a2f1-021e0c837200	GET	/	http://localhost:5173
20231028	20:50:15	b107d6f5-a6c4-4bd1-be68-5f93fbdd61e1	GET	/tasks	http://localhost:5173
20231028	20:51:16	9a34d11a-6a1c-4b33-82ea-24c3a59adf04	GET	/tasks	http://localhost:5173
20231028	21:33:12	44d1801f-8b46-42d9-b182-b49d01e1b91b	GET	/	http://localhost:5173
20231028	21:34:03	178852ce-f383-4b69-9ac3-06fde14b0771	GET	/tasks	undefined
20231029	14:51:31	51f1ccd0-0291-4989-aa8e-060923049f27	GET	/	http://localhost:5173
20231029	14:51:50	835b4a8a-7873-4c7a-93d1-a337e0f46280	GET	/tasks	http://localhost:5173
20231029	14:55:32	3510c382-c58f-4cd8-9f69-a2e7f2fe0d03	GET	/tasks	http://localhost:5173
20231029	14:55:35	927bc28b-5684-434e-9622-c98c86f16b6c	GET	/tasks	http://localhost:5173
20231029	14:56:48	2fd82240-4ef8-4b03-8a21-8a210f99460f	GET	/tasks	http://localhost:5173
20231029	14:56:52	ffad62a8-8016-4242-820f-15ee5be29762	GET	/tasks	http://localhost:5173
20231029	14:56:53	d08d27b8-ce1a-43c5-b60e-f7aa20f8fc76	GET	/tasks	http://localhost:5173
20231029	14:56:53	0297fe0e-2eb5-4c59-ae72-a7348e4a7cca	GET	/tasks	http://localhost:5173
20231029	14:56:53	d48102a9-a02e-4c58-9992-f08ade0a3391	GET	/tasks	http://localhost:5173
20231029	14:56:54	79014442-3965-4f86-a41f-ed8278596048	GET	/tasks	http://localhost:5173
20231029	14:57:10	ddf562f0-1a11-4a55-b30c-2eeb9deaf0c7	GET	/tasks	http://localhost:5173
20231029	14:57:16	a796b25f-2cc9-4a15-ac01-46f8425424a6	GET	/tasks	http://localhost:5173
20231029	14:57:17	389cb1d5-8ded-427a-9174-2e90238a0f36	GET	/tasks	http://localhost:5173
20231029	14:57:17	8deccee2-e384-4b8f-b22b-80cdaa54c9f8	GET	/tasks	http://localhost:5173
20231029	14:57:17	a4a69aac-45f0-4b6b-a410-3aa316216235	GET	/tasks	http://localhost:5173
20231029	14:58:09	4d101394-a7f7-4b27-8b93-add673cd126d	GET	/tasks	http://localhost:5173
20231029	14:58:12	65febf55-897f-4a4b-9e54-c0ac9d6416a2	GET	/tasks	http://localhost:5173
20231029	14:58:13	54479591-f1b4-48cb-b472-815bc5a89e83	GET	/tasks	http://localhost:5173
20231029	14:58:36	7c2c7374-b4da-4b14-9808-068afe2470a1	GET	/tasks	http://localhost:5173
20231029	14:59:03	35c8a9a1-73a7-4c7f-ac27-2533dc494db7	GET	/tasks	http://localhost:5173
20231029	14:59:06	57fb0ace-34b7-4b8d-a0e7-bf095693aed7	GET	/tasks	http://localhost:5173
20231029	14:59:28	4cc25e8c-adf0-40e2-8e5b-c021c9e527d7	GET	/tasks	http://localhost:5173
20231029	14:59:34	2196e556-6a39-4ec4-9b12-be72f396a8f2	GET	/tasks	http://localhost:5173
20231029	14:59:35	d875fc02-3134-497d-8c88-4695f89fec0a	GET	/tasks	http://localhost:5173
20231029	14:59:35	93592e00-5c13-45c7-bbd9-633f991d7adb	GET	/tasks	http://localhost:5173
20231029	14:59:35	cf5b8c32-7b18-4e93-b9b8-08a2c7b9e5d3	GET	/tasks	http://localhost:5173
20231029	15:05:35	496686a3-cf27-4701-9773-1814894c02ea	GET	/tasks	http://localhost:5173
20231029	15:05:39	51006621-dcf9-48da-a4db-b320446b6f9d	GET	/tasks	http://localhost:5173
20231029	15:05:39	d06cebac-d114-4049-bbd2-5e71dc36508e	GET	/tasks	http://localhost:5173
20231029	15:05:40	3b2f088c-74ee-4591-9852-dee8f2bc7641	GET	/tasks	http://localhost:5173
20231029	15:05:40	442ca806-2bc1-47b5-bd40-7265121ba4dc	GET	/tasks	http://localhost:5173
20231029	15:05:40	5ad1ad23-5a03-4f3f-80f9-fcb369da1df4	GET	/tasks	http://localhost:5173
20231029	15:05:57	e48c4143-a790-4d3c-9604-8889cba9fcae	GET	/tasks	http://localhost:5173
20231029	15:06:59	2b9f34c1-dd42-4a59-8f8e-80eb90fa9c1c	GET	/tasks	http://localhost:5173
20231029	15:07:01	c8056dcc-e091-47c7-bab4-cb4eee7a6371	GET	/tasks	http://localhost:5173
20231029	15:07:02	71066c16-8504-40c1-aadd-b2a16498fe16	GET	/tasks	http://localhost:5173
20231029	15:11:26	c8b8b1c7-55ac-4e4f-8e3d-0dcbda6bdbb4	GET	/tasks	http://localhost:5173
20231029	15:11:30	52a55556-40ae-4f7e-96dd-71e5d14a7b0f	GET	/tasks	http://localhost:5173
20231029	15:15:24	581f8015-e3df-4221-9569-1ce09e81a418	GET	/tasks	http://localhost:5173
20231029	15:16:44	febdf7a2-1cde-417d-b08d-4b4ae33d85bf	GET	/tasks	http://localhost:5173
20231029	15:16:50	0ba22c91-7ed9-4e86-8237-fd66867d94bd	GET	/tasks	http://localhost:5173
20231029	15:17:17	c17600be-f533-4156-b15d-0590a8138e1f	GET	/tasks	http://localhost:5173
20231029	15:17:18	79c728fd-6187-4e1f-8274-641b62f68a49	GET	/tasks	http://localhost:5173
20231029	15:21:02	226b4ab0-d711-4a3f-b203-27088ac851f1	GET	/tasks?userId=1	http://localhost:5173
20231029	15:21:59	7aa3f5c8-6b1a-44e2-bb47-0245d980d91b	GET	/tasks?userId=1	http://localhost:5173
20231029	15:22:00	8384a670-8386-4768-81b8-79a0e9810a86	GET	/tasks?userId=1	http://localhost:5173
20231029	15:22:27	48ddfea7-8be1-4099-aacb-8db7a121f24d	GET	/tasks?userId=1	http://localhost:5173
20231029	15:23:04	033b0576-2fb4-4c1c-8d82-3d4b2ba72abe	GET	/tasks	http://localhost:5173
20231029	15:23:24	a1348838-129a-41d9-a67e-f40c0ca9c81f	GET	/tasks	http://localhost:5173
20231029	15:23:41	497c0f37-59a7-4c15-92d4-2662a531d60a	GET	/tasks	http://localhost:5173
20231029	15:24:14	cebea56f-b57b-4f5e-b638-2cf69299c3de	GET	/tasks?userId=1	http://localhost:5173
20231029	15:24:19	da95822f-6aaf-400b-9ace-7f29f3725b86	GET	/tasks?userId=1	http://localhost:5173
20231029	15:24:36	9f6917ca-7500-4e1b-aa92-35c9f1429b8e	GET	/tasks?userId=1	http://localhost:5173
20231029	15:27:39	4b87e81a-7b3d-4374-94c4-7ac775b31f5e	GET	/tasks	undefined
20231029	15:27:55	8cd3253f-54f7-410a-a3a4-16bb3d2e9870	GET	/tasks?userId=1	undefined
20231029	15:30:24	3b78067b-a350-4d1b-ac7c-fb20fcf94139	GET	/tasks?userId=1	http://localhost:5173
20231029	15:37:02	eb7711b4-2285-4871-b5bc-d18f9a50b5cc	GET	/tasks?userId=1	http://localhost:5173
20231029	15:37:06	252dc8d4-9aa0-4240-a5d3-377ad1a51214	GET	/tasks?userId=1	http://localhost:5173
20231029	15:37:06	aea3d42b-cd11-4250-a95b-d471c662468f	GET	/tasks?userId=1	http://localhost:5173
20231029	15:37:22	670eb5a2-db8a-41f3-9b49-ea00d6765b32	GET	/tasks?userId=1	http://localhost:5173
20231029	15:39:44	6f3fc3c3-3c43-45fe-95b7-388dda942015	GET	/tasks?userId=1	http://localhost:5173
20231029	15:39:44	da5eade8-d002-4193-ad44-160edf219836	GET	/tasks?userId=1	http://localhost:5173
20231029	15:40:37	25e00787-fb51-4b3b-81fd-6d241f951528	GET	/tasks?userId=1	http://localhost:5173
20231029	15:47:48	43f82409-4834-4953-9742-c96e8456db89	GET	/tasks?userId=1	http://localhost:5173
20231029	15:47:54	20e76b0a-b157-48a7-a05d-1a57de1105c8	GET	/tasks?userId=1	http://localhost:5173
20231029	15:48:16	03783ea1-f183-4e01-8ae7-06fa5149f30e	GET	/tasks?userId=1	http://localhost:5173
20231029	15:48:27	d9b57a23-bbc6-46f3-ab7a-0c56d675137f	GET	/tasks?userId=1	http://localhost:5173
20231029	15:49:10	5497bf14-07a2-473f-8e95-51ed8369d091	GET	/tasks?userId=1	http://localhost:5173
20231029	15:49:48	a4d5171b-1378-461c-870e-da3ea37685d5	GET	/tasks?userId=1	http://localhost:5173
20231029	15:56:04	6f960ddf-b131-44a5-95a6-2a22831cfb8d	GET	/tasks?userId=1	http://localhost:5173
20231029	15:57:01	4ddd30dd-ae21-46d6-a786-d66fba563726	GET	/tasks?userId=1	http://localhost:5173
20231029	15:58:08	02fcd43f-d812-4f16-83c8-3c5d7160ddda	GET	/tasks?userId=1	http://localhost:5173
20231029	16:00:02	e558b22b-4e9e-40d4-9f2f-21e6dd31f0a2	GET	/tasks	http://localhost:5173
20231029	16:00:14	99a8c773-dfef-45a0-9a4f-6b29d81f61e4	GET	/tasks?userId=1	http://localhost:5173
20231029	16:00:19	4e1840c6-d0e0-446a-a613-4249b585267d	GET	/tasks?userId=1	http://localhost:5173
20231029	16:01:26	536d0824-ab2f-4786-a1a0-d0f8742e4350	GET	/tasks?userId=1	http://localhost:5173
20231029	16:01:29	270e735d-734b-4d40-87f8-98d0d385f523	GET	/tasks?userId=1	http://localhost:5173
20231029	16:01:41	02bb5b81-107b-48bf-b412-14c8eaad89bd	OPTIONS	/auth/login	http://localhost:5173
20231029	16:01:41	dc2f0bde-f94e-4bd2-a875-27a5a3413f8f	POST	/auth/login	http://localhost:5173
20231029	16:01:41	17f61b8a-cb0d-4f27-8185-a20e24498ac6	GET	/tasks?userId=1	http://localhost:5173
20231029	16:04:38	176c1097-d76c-4051-9046-62e231e7f78d	GET	/tasks?userId=1	http://localhost:5173
20231029	16:04:41	0f154396-3d5a-4c20-a3c7-db62a4a4786f	GET	/tasks?userId=1	http://localhost:5173
20231029	16:04:42	2e1e829c-7df0-4e50-9db6-337fe9cf9e94	GET	/tasks?userId=1	http://localhost:5173
20231029	16:04:53	580019d0-1548-48b2-8088-dfaf54bea574	GET	/tasks?userId=1	http://localhost:5173
20231029	16:04:55	d5f21104-232d-4679-a934-72f8a97543c8	GET	/tasks?userId=1	http://localhost:5173
20231029	16:04:55	81f8c063-b972-4b0e-9f61-8fa3f19b1851	GET	/lists?userId=1	http://localhost:5173
20231029	16:08:02	826b402b-1665-46ce-9340-5bf38039dee6	GET	/tasks?userId=1	http://localhost:5173
20231029	16:08:02	ab161179-2b0b-485f-bcfb-4f5b9efbaa5f	GET	/lists?userId=1	http://localhost:5173
20231029	16:09:24	a51a5047-d496-4155-9f09-f13f58d5c093	GET	/tasks?userId=1	http://localhost:5173
20231029	16:09:24	d79ca8fe-da45-4b96-9e71-b6f0eaff5c14	GET	/lists?userId=1	http://localhost:5173
20231029	16:11:02	1b8eccdd-c12d-4ec5-b8d5-48657a2bb978	GET	/lists?userId=1	http://localhost:5173
20231029	16:11:02	05875d0c-b261-4cbd-8b00-1d8a0191c91a	GET	/tasks?userId=1	http://localhost:5173
20231029	16:11:18	b5c57f03-5bf9-4d06-ac08-4dd3c3af6d95	GET	/tasks?userId=1	http://localhost:5173
20231029	16:11:18	72b5d6c4-edff-44b7-a1db-f2d6c1974c0b	GET	/lists?userId=1	http://localhost:5173
20231029	16:11:22	fadd4e09-f63c-46dc-a84e-c432c4246e2a	GET	/tasks?userId=1	http://localhost:5173
20231029	16:11:22	73ab0f19-b28e-408f-9944-515a5055c21b	GET	/lists?userId=1	http://localhost:5173
20231029	16:11:23	5d3bf6e4-b85d-4708-b7cc-b5bacad29369	GET	/tasks?userId=1	http://localhost:5173
20231029	16:11:23	45e8a49e-ca38-4213-8e28-64fc38621003	GET	/lists?userId=1	http://localhost:5173
20231029	16:11:49	c691e3b4-342b-4031-aabb-ae7c281994d1	GET	/tasks?userId=1	http://localhost:5173
20231029	16:11:49	e95bf293-c790-4dfb-95c6-38dca6e0c245	GET	/lists?userId=1	http://localhost:5173
20231029	16:12:01	6f47a970-615c-47ae-8501-88c6f12c70a0	GET	/tasks?userId=1	http://localhost:5173
20231029	16:12:01	b134f058-5f47-4603-acb1-ff0a33b106bb	GET	/lists?userId=1	http://localhost:5173
20231029	16:12:36	04b08518-1fa5-4267-b70e-d818a8794c0e	GET	/tasks?userId=1	http://localhost:5173
20231029	16:12:36	522c4b36-e338-47a0-9b42-df488becd1e0	GET	/lists?userId=1	http://localhost:5173
20231029	16:12:48	f7c8b29c-b448-489d-ba9a-07d0b5c2cb11	GET	/tasks?userId=1	http://localhost:5173
20231029	16:12:48	b6cc985d-3bd3-40c0-83a8-f5ed92cc9164	GET	/lists?userId=1	http://localhost:5173
20231029	16:13:17	9ff8524d-6151-4de4-9fac-d676c2538ac9	GET	/tasks?userId=1	http://localhost:5173
20231029	16:13:17	e1356633-5efd-47b3-ba5d-2f592abac896	GET	/lists?userId=1	http://localhost:5173
20231029	16:15:12	d1cf06b0-f1d1-4b63-aa7c-097831e3c49c	GET	/tasks?userId=1	http://localhost:5173
20231029	16:15:12	c2011c3d-011e-4e84-ba3e-7896607bd856	GET	/lists?userId=1	http://localhost:5173
20231029	16:15:20	86191d66-5190-4b20-91e8-c02a44a4d2f8	GET	/tasks?userId=1	http://localhost:5173
20231029	16:15:20	a552fbe7-9e7c-4cda-ba80-72cc5e40df8f	GET	/lists?userId=1	http://localhost:5173
20231029	16:22:48	7269b178-d864-4ff6-bb20-5087d9c2077b	GET	/tasks?userId=1	http://localhost:5173
20231029	16:22:48	7174338f-869f-4321-9457-512c0fcd3d3f	GET	/lists?userId=1	http://localhost:5173
20231029	16:23:07	cf30d00c-6d37-4455-9f06-bfd85f1fb1f8	GET	/tasks?userId=1	http://localhost:5173
20231029	16:23:07	afbf5cc4-a372-436a-82f3-a202a626c207	GET	/lists?userId=1	http://localhost:5173
20231029	16:24:09	98a1465e-2159-4f9b-a74d-f0ce4aa99391	GET	/tasks?userId=1	http://localhost:5173
20231029	16:24:09	dc73a818-91e1-4128-94e1-c1ff8d9e69e8	GET	/lists?userId=1	http://localhost:5173
20231029	16:24:12	e3126f81-0936-4d64-9ed7-a5874da1d583	GET	/lists?userId=1	http://localhost:5173
20231029	16:24:12	db96c78a-2930-4670-bcc4-e1d4ab61f731	GET	/tasks?userId=1	http://localhost:5173
20231029	16:24:19	c2bdd3e1-868e-47cc-a385-27aff001f145	OPTIONS	/auth/login	http://localhost:5173
20231029	16:24:19	f15c7fc5-2979-482f-8572-43744a8a6fb8	POST	/auth/login	http://localhost:5173
20231029	16:24:19	59538416-9de2-4d37-a0a3-76165f4af022	GET	/lists?userId=1	http://localhost:5173
20231029	16:24:19	820735ab-c14e-493f-b33a-41e578ee8cb4	GET	/tasks?userId=1	http://localhost:5173
20231029	16:27:59	8efdbfba-d10b-4c80-8905-3fed5774c27e	GET	/lists?userId=1	http://localhost:5173
20231029	16:27:59	89d2f170-851e-4fe6-b813-92a4f98df0eb	GET	/tasks?userId=1	http://localhost:5173
20231029	16:28:52	5e6321a1-cf0d-4338-bc5c-c3afef494160	GET	/lists?userId=1	http://localhost:5173
20231029	16:28:52	fca1d378-f3e5-45aa-b1de-d9d64cbc42d1	GET	/tasks?userId=1	http://localhost:5173
20231029	16:29:39	fe734483-a772-45a4-8602-875af1e5ff33	GET	/lists?userId=1	http://localhost:5173
20231029	16:29:39	d5471575-f099-4c51-9867-04a80ddfd448	GET	/tasks?userId=1	http://localhost:5173
20231029	16:29:58	133d647d-021a-4c35-9c43-209896126d02	GET	/lists?userId=1	http://localhost:5173
20231029	16:29:58	3f1debdf-187f-4fc7-a584-1d0b47e5d57a	GET	/tasks?userId=1	http://localhost:5173
20231029	16:30:12	ec41ca57-fc69-466f-9cf6-2c4d8501d876	GET	/tasks?userId=1	http://localhost:5173
20231029	16:30:12	230bc019-e050-4c8b-9752-2ab567907f73	GET	/lists?userId=1	http://localhost:5173
20231029	16:30:23	c9079f03-bb69-4687-b416-e8399bd898cd	GET	/lists?userId=1	http://localhost:5173
20231029	16:30:23	9edd2339-be72-4751-a40a-89d850f2fc7b	GET	/tasks?userId=1	http://localhost:5173
20231029	16:30:29	284d91e3-346e-4232-a48f-e04fe0e0c93a	GET	/lists?userId=1	http://localhost:5173
20231029	16:30:29	bfde4e1d-5f9d-4b9f-84bc-5f6ff188573e	GET	/tasks?userId=1	http://localhost:5173
20231029	16:31:29	60baab41-f702-4e40-b2dc-4cc01d18b165	GET	/lists?userId=1	http://localhost:5173
20231029	16:31:29	6132c04f-4d37-4331-8dae-48f012d59a3a	GET	/tasks?userId=1	http://localhost:5173
20231029	16:31:44	1be19825-a53d-422e-98e5-f46f0015cef6	GET	/lists?userId=1	http://localhost:5173
20231029	16:31:44	98a95851-e5ac-422a-90f8-eaa4a915638c	GET	/tasks?userId=1	http://localhost:5173
20231029	16:31:59	925bf414-72de-4484-adce-69b331dc16c3	GET	/lists?userId=1	http://localhost:5173
20231029	16:31:59	ceefef67-e2e5-432b-9e67-517bb784503f	GET	/tasks?userId=1	http://localhost:5173
20231029	16:32:03	be132b52-5533-4822-bbcc-63e316b4a33f	GET	/lists?userId=1	http://localhost:5173
20231029	16:32:03	a5a9001d-f255-481b-ab5f-c0131321a617	GET	/tasks?userId=1	http://localhost:5173
20231029	16:59:50	dfeb8772-8926-493e-abac-79d00d0c9b5c	GET	/lists?userId=1	http://localhost:5173
20231029	16:59:50	6bc7e0cc-6cb5-477f-a196-1437950b539b	GET	/tasks?userId=1	http://localhost:5173
20231029	17:09:27	9324af71-16bd-4265-8357-2b281e6dab26	GET	/lists?userId=1	http://localhost:5173
20231029	17:09:27	ba106c0b-99f4-4f33-99d7-747fd2f2f737	GET	/tasks?userId=1	http://localhost:5173
20231029	17:09:33	f4eac807-9ad3-4662-bbff-046909faeb14	GET	/lists?userId=1	http://localhost:5173
20231029	17:09:33	563ab57a-40b9-4c45-b1cb-ccca435300e2	GET	/tasks?userId=1	http://localhost:5173
20231029	17:09:34	2468ae89-db9a-434d-b82c-db449924ff1f	GET	/lists?userId=1	http://localhost:5173
20231029	17:09:34	7abd9d0b-144c-41b5-9265-a8d027397cfc	GET	/tasks?userId=1	http://localhost:5173
20231029	17:10:08	c335e40b-d50d-4fe5-9e54-757ac5440046	GET	/lists	http://localhost:5173
20231029	17:10:08	190e9ac5-5e69-4f50-838c-9e913487b1e5	GET	/tasks	http://localhost:5173
20231029	17:11:30	d094851c-3486-40db-91df-6db5b518b69f	GET	/lists	http://localhost:5173
20231029	17:11:30	a110eeac-5cfa-419c-acd2-651b8264ea65	GET	/tasks	http://localhost:5173
20231029	17:11:31	feb55466-e5ef-4797-816a-f8181c2d5086	GET	/lists	http://localhost:5173
20231029	17:11:31	25aaf88b-deab-4d96-afee-55adada34531	GET	/tasks	http://localhost:5173
20231029	17:12:03	3d0b87d4-8cb5-410c-a7ce-231709683609	GET	/lists	http://localhost:5173
20231029	17:12:03	cfa16d46-bafa-4f78-8ceb-d1bc31ae0758	GET	/tasks	http://localhost:5173
20231029	17:12:08	916f1ef9-2ff5-4cd9-b1c0-e6b486079512	GET	/lists	http://localhost:5173
20231029	17:12:08	e5ba86c1-0e14-4152-8dd1-2995a10cc7b6	GET	/tasks	http://localhost:5173
20231029	17:12:48	1992f23b-0a79-42d1-8320-eccf156417b5	GET	/lists	http://localhost:5173
20231029	17:12:48	7ca3b68d-81b4-4029-ad5d-474e5406a11e	GET	/tasks	http://localhost:5173
20231029	17:12:57	d1d5f31f-7b27-45f1-a851-999ace50d8dc	GET	/lists	http://localhost:5173
20231029	17:12:57	9c0d0cdb-b168-4abf-85aa-2e25d3dfa8b6	GET	/tasks	http://localhost:5173
20231029	17:12:59	2905f8f7-231d-4b6c-8934-fdc83bfa2aa6	GET	/lists	http://localhost:5173
20231029	17:12:59	5031bf6a-36e0-4822-9ab2-30ea052b0d7f	GET	/tasks	http://localhost:5173
20231029	17:13:00	ee36e537-ef55-4d24-8290-591111d1ba9a	GET	/lists	http://localhost:5173
20231029	17:13:00	6bad3769-285b-43dd-8c35-fa1c2799aef0	GET	/tasks	http://localhost:5173
20231029	17:13:01	7836d6f9-e826-457f-aa26-de9b679ea9d1	GET	/lists	http://localhost:5173
20231029	17:13:01	786a85a5-8e17-4a3f-bc71-a271d2a756a8	GET	/tasks	http://localhost:5173
20231029	17:13:02	84d6c259-93fd-481f-bb1b-4dae8e3d8b42	GET	/lists	http://localhost:5173
20231029	17:13:02	080e04aa-5f65-4fe6-9d87-95ddd1d46803	GET	/tasks	http://localhost:5173
20231029	17:13:02	027ff558-c83a-480b-9326-680fce9aa7b5	GET	/lists	http://localhost:5173
20231029	17:13:02	44e48173-7bb5-470a-9541-919b2836af1d	GET	/tasks	http://localhost:5173
20231029	17:13:03	b080c932-d0c6-4f06-b4e8-24bbf85f6922	GET	/lists	http://localhost:5173
20231029	17:13:03	9477ce0d-3d2b-41a6-a7f5-7f78938a304d	GET	/tasks	http://localhost:5173
20231029	17:13:04	56fbc9bb-43e4-43cd-b4e1-be5f53a079ea	GET	/lists	http://localhost:5173
20231029	17:13:04	9448f35e-99b9-4cfb-b06f-28a9e6ed43d2	GET	/tasks	http://localhost:5173
20231029	17:13:35	4af6d6c9-69f6-4981-9e29-fa70c983f18b	OPTIONS	/auth/login	http://localhost:5173
20231029	17:13:35	9a80f71b-c340-4bee-90cd-0b0dcd94a151	POST	/auth/login	http://localhost:5173
20231029	17:13:35	7011bcc4-65c4-4347-9c5b-09820effe57c	GET	/lists	http://localhost:5173
20231029	17:13:35	7e2cd491-2808-42aa-ad44-4f0ab3cd72d6	GET	/tasks	http://localhost:5173
20231029	17:14:26	317244ba-c581-4637-b6f5-dbca65905b23	GET	/lists	http://localhost:5173
20231029	17:14:26	ba311097-cf7b-4ae7-bed8-59016889603f	GET	/tasks	http://localhost:5173
20231029	17:14:58	36d27ecc-ff7b-4e04-bb47-e62a12b1c264	GET	/lists?userId=1	http://localhost:5173
20231029	17:14:58	fd5c8e6d-e160-4a3d-9b49-1812fdda0b66	GET	/tasks?userId=1	http://localhost:5173
20231029	17:15:32	8637ae2f-e9f4-479a-af89-377c2dfd3c24	GET	/tasks?userId=1	http://localhost:5173
20231029	17:15:32	619653fa-b8c5-4330-a4c1-90904d8ec2da	GET	/lists?userId=1	http://localhost:5173
20231029	17:15:50	f88a2467-816e-4154-88d2-045a3bab85dd	GET	/lists?userId=1	http://localhost:5173
20231029	17:15:50	ac93d772-9751-42c0-9b5e-e882df7ac027	GET	/tasks?userId=1	http://localhost:5173
20231029	17:16:36	3db1c7e9-0491-4e71-9bf7-41db77fed85a	GET	/lists?userId=1	http://localhost:5173
20231029	17:16:36	42cfa231-d8c4-4a58-a95e-859ea22d8929	GET	/tasks?userId=1	http://localhost:5173
20231029	17:16:56	8df37885-2648-4beb-a45b-261067abe8f9	GET	/lists?userId=1	http://localhost:5173
20231029	17:16:56	765b1522-61f4-4404-87ad-669b6827c88a	GET	/tasks?userId=1	http://localhost:5173
20231029	17:16:59	51504011-86b8-4e79-8530-d401b539d472	GET	/tasks?userId=1	http://localhost:5173
20231029	17:16:59	76f554ad-e108-4f35-bcee-b9a31c34c77c	GET	/lists?userId=1	http://localhost:5173
20231029	17:17:00	9df997d5-3acd-4027-8fda-f2d0255e5693	GET	/lists?userId=1	http://localhost:5173
20231029	17:17:00	91c9a0ac-1e5a-434f-99df-ebcbee796f76	GET	/tasks?userId=1	http://localhost:5173
20231029	17:17:08	2dab0343-16c6-4bd3-89ff-84d5c4345f47	OPTIONS	/auth/login	http://localhost:5173
20231029	17:17:08	8b17614a-bcc8-4bdd-a1da-107a40049f43	POST	/auth/login	http://localhost:5173
20231029	17:17:08	4baeb3b0-374b-40c8-9a30-6d2cbeb85aa7	GET	/lists?userId=2	http://localhost:5173
20231029	17:17:08	94bb5c0e-93db-42c5-8682-4c4e66d16eb8	GET	/tasks?userId=2	http://localhost:5173
20231029	17:17:21	a1a21580-4f2d-4da4-bfe7-fddb72970f22	OPTIONS	/auth/login	http://localhost:5173
20231029	17:17:21	fb06f75e-176b-410b-8e73-85d0f79fb3dd	POST	/auth/login	http://localhost:5173
20231029	17:17:21	029ae531-21cf-4fc5-b50b-7d7c48f17224	GET	/lists?userId=1	http://localhost:5173
20231029	17:17:21	5103e9f4-4f5d-4691-9808-c4d6d5f01856	GET	/tasks?userId=1	http://localhost:5173
20231029	17:19:13	f94b21b3-5f1f-48c1-8c05-a4718c6d1e31	GET	/lists?userId=1	http://localhost:5173
20231029	17:19:13	580c96cf-dc09-40e5-b6b0-dd6f4ed895ca	GET	/tasks?userId=1	http://localhost:5173
20231029	17:23:22	bc5e8c9a-5cb4-4d11-b557-c5b559b7f0fb	GET	/lists?userId=1	http://localhost:5173
20231029	17:23:22	3be176b1-5060-4e6a-93d4-3e81c9d7d299	GET	/tasks?userId=1	http://localhost:5173
20231029	17:23:47	0348bb73-cd2b-4264-9f64-30be13206a9c	GET	/lists?userId=1	http://localhost:5173
20231029	17:23:47	3f2c598e-5328-4393-afcf-6183845117c0	GET	/tasks?userId=1	http://localhost:5173
20231029	17:23:51	99b2ffb5-8ca0-4dac-b03c-dae317a32dd9	GET	/tasks/myday	http://localhost:5173
20231029	17:24:15	97a3a6af-45da-4552-8595-57467dd89c62	GET	/lists?userId=1	http://localhost:5173
20231029	17:24:15	5b2d246d-bc42-4fbf-8f0e-872ecfa16538	GET	/tasks?userId=1	http://localhost:5173
20231029	17:24:20	ad2587fb-0aa8-4e2a-9381-cf1dbebf7e8c	GET	/lists?userId=1	http://localhost:5173
20231029	17:24:20	c31e6d2a-8f30-4281-8fa1-8a773d434b5f	GET	/tasks?userId=1	http://localhost:5173
20231029	17:24:23	05fa6b9d-454b-4ab0-b899-84b3e6a3ced1	GET	/tasks/myday?userId=1	http://localhost:5173
20231029	17:24:52	7d4bf6a5-13d5-4f0b-9edd-3e2b25243388	GET	/lists?userId=1	http://localhost:5173
20231029	17:24:52	4b215bce-5502-4275-970e-7417e228d814	GET	/tasks?userId=1	http://localhost:5173
20231029	17:24:53	e9af55ac-4770-49bc-a803-72bac06547df	GET	/tasks/myday?userId=1	http://localhost:5173
20231029	17:28:16	630f0558-805f-4208-b6a9-216efc0f4c49	GET	/tasks?userId=1	http://localhost:5173
20231029	17:28:16	532098b6-2cf7-48c5-abd7-6abd5f888ec9	GET	/lists?userId=1	http://localhost:5173
20231029	17:28:20	c1650ec5-c23f-4d79-9042-c75dbf6e49f3	GET	/tasks/myday?userId=1	http://localhost:5173
20231029	17:28:21	fc978f20-7fa4-4f2a-b383-e0a0cf591319	GET	/tasks/important?userId=1	http://localhost:5173
20231029	17:28:23	7939fecf-32f8-4668-8e02-baba25f45172	GET	/tasks/planned?userId=1	http://localhost:5173
20231029	17:28:25	3b31deb0-abed-411b-af27-e00559fbc757	GET	/tasks?userId=1	http://localhost:5173
20231029	17:31:54	905621bc-552d-4efe-bdfe-a6a2e650ffdc	GET	/lists?userId=1	http://localhost:5173
20231029	17:31:54	63223702-faaf-43cd-8143-143a164ff295	GET	/tasks?userId=1	http://localhost:5173
20231029	17:31:57	046f0319-1153-4295-9656-f150403ef514	GET	/tasks/listSpecific?listId=1&userId=1	http://localhost:5173
20231029	17:31:58	921c9def-3e78-4de0-b570-7435d4d776b4	GET	/tasks?userId=1	http://localhost:5173
20231029	17:31:59	184c8914-21c4-40da-9e20-3ee02d244d25	GET	/tasks/planned?userId=1	http://localhost:5173
20231029	17:32:00	07f17b62-369b-4856-9e64-f4b3df013b60	GET	/tasks/important?userId=1	http://localhost:5173
20231029	17:32:00	e17dae05-68db-42dc-a91c-b949546a6edc	GET	/tasks/important?userId=1	http://localhost:5173
20231029	17:32:01	41825991-1b7d-49a3-acb0-16761ae9729b	GET	/tasks/listSpecific?listId=1&userId=1	http://localhost:5173
20231029	17:32:03	d7bbe4e0-7ec3-42f2-bc1a-76b83aad365d	GET	/tasks?userId=1	http://localhost:5173
20231029	17:32:03	7539e344-a423-4618-abf8-e576094895d5	GET	/tasks/planned?userId=1	http://localhost:5173
20231029	17:32:03	b15b81e8-7494-402e-a9c9-b0bd2e1a79da	GET	/tasks/planned?userId=1	http://localhost:5173
20231029	17:32:04	fde34c44-c8c6-42e6-b3ff-98521d2dca63	GET	/tasks/important?userId=1	http://localhost:5173
20231029	17:32:05	d97e457b-2b5c-44fc-aef8-394a64286cce	GET	/tasks/listSpecific?listId=1&userId=1	http://localhost:5173
20231029	17:32:10	75c0fbca-7a20-4f29-a6fc-56df7e9c1877	GET	/tasks?userId=1	http://localhost:5173
20231029	17:32:11	9e1c4a64-7751-4214-8cb3-c232292bb20b	GET	/tasks/planned?userId=1	http://localhost:5173
20231029	17:32:11	9015feec-7016-4bf3-b83c-718d9f479bd8	GET	/tasks/important?userId=1	http://localhost:5173
20231029	17:32:12	1a36fe26-1f6c-441e-813d-5ffb78107ed9	GET	/tasks/myday?userId=1	http://localhost:5173
20231029	17:32:19	aab1c136-f98c-44d6-9732-a4ad29d6aff7	GET	/tasks?userId=1	http://localhost:5173
20231029	20:22:28	b7b6d945-76b8-4db5-8764-493474c94737	GET	/tasks?userId=1	http://localhost:5173
20231029	20:22:28	19ebc30d-201f-4458-9d75-234464a7b486	GET	/lists?userId=1	http://localhost:5173
20231029	20:22:33	568c3f03-0fca-4125-b114-bf55d0552606	GET	/tasks/myday?userId=1	http://localhost:5173
20231029	20:22:34	c6e4022d-3002-4ab5-a477-a4adf1e8894c	GET	/tasks/myday?userId=1	http://localhost:5173
20231029	20:22:35	8ccfbed1-343d-4a7d-891a-56e4dd4be3a8	GET	/tasks/myday?userId=1	http://localhost:5173
20231029	20:22:36	54ac2c38-5996-4b93-8615-b8f0205b9dac	GET	/tasks/important?userId=1	http://localhost:5173
20231029	20:22:38	7ea22850-a12a-4045-b9b9-cf82b2e48a8e	GET	/tasks/planned?userId=1	http://localhost:5173
20231029	20:22:39	006138df-1dd0-4096-a996-d9b9c420ab40	GET	/tasks?userId=1	http://localhost:5173
20231029	20:22:41	4cc5c6d0-4b80-40d0-b7db-565a95342556	GET	/tasks/myday?userId=1	http://localhost:5173
20231029	20:22:43	0464818c-b6c3-4011-8fe8-88fa0f705d2b	GET	/tasks/important?userId=1	http://localhost:5173
20231029	20:22:44	99e2abcc-3c96-431c-9f9c-3fd3a3c88414	GET	/tasks/planned?userId=1	http://localhost:5173
20231029	20:22:44	e2295268-ab10-4c41-a8ab-67d41a7e0214	GET	/tasks?userId=1	http://localhost:5173
20231029	20:22:45	93473a5a-17e6-405c-a0da-64f454d25139	GET	/tasks/listSpecific?listId=1&userId=1	http://localhost:5173
20231029	20:22:48	17045183-9b88-4be1-b873-c9b8b33dc376	GET	/tasks?userId=1	http://localhost:5173
20231029	20:22:48	1205d69d-f336-4a1e-ac8e-4fe09627b3b5	GET	/tasks/planned?userId=1	http://localhost:5173
20231029	20:22:48	cfd62725-c303-4b73-937c-fab471e32a9a	GET	/tasks/important?userId=1	http://localhost:5173
20231029	20:22:49	c03076cb-c220-4210-a4d6-8630dda5095e	GET	/tasks/myday?userId=1	http://localhost:5173
20231029	20:22:50	edff71c5-78d6-45b4-a4fd-f83f13d9f550	GET	/tasks/important?userId=1	http://localhost:5173
20231029	20:22:50	d0172120-970a-4345-9d32-9725a42608ba	GET	/tasks/planned?userId=1	http://localhost:5173
20231029	20:22:51	9e5845d5-1bc4-4c0e-a733-99dc9424259e	GET	/tasks?userId=1	http://localhost:5173
20231029	20:22:52	2e72f283-76c5-46f4-bfb1-f23a93142e3b	GET	/tasks/listSpecific?listId=1&userId=1	http://localhost:5173
20231029	20:23:33	264a3111-6f1e-43ba-b653-beba69485861	GET	/tasks/myday?userId=1	http://localhost:5173
20231029	20:23:36	b893bdb1-fadd-417e-98fa-079bc4eb6108	GET	/tasks?userId=1	http://localhost:5173
20231029	20:23:37	c4c9b4ac-6399-4687-ad3b-b7e568a50e61	GET	/tasks/listSpecific?listId=1&userId=1	http://localhost:5173
20231029	20:24:06	949ca85f-b8bf-4c07-a84b-995fc1c03290	GET	/tasks/listSpecific?listId=1&userId=1	http://localhost:5173
20231029	20:24:09	69c6097e-4527-4d8a-ad0c-436a92f824f1	GET	/tasks?userId=1	http://localhost:5173
20231029	20:24:10	4a4232ae-7072-421f-b62e-7380593c42fb	GET	/tasks?userId=1	http://localhost:5173
20231029	20:24:11	82b2de1e-b742-47df-8204-d8147515bf38	GET	/tasks/planned?userId=1	http://localhost:5173
20231029	20:24:12	dee276af-1403-4477-98b0-74a70f859c26	GET	/tasks/important?userId=1	http://localhost:5173
20231029	20:24:12	633b73b2-05bf-49c5-a7ca-3e0eb9ddcd44	GET	/tasks/myday?userId=1	http://localhost:5173
20231029	20:28:47	5990b38b-74bf-49d3-a6a8-3c768bbd50fb	GET	/lists?userId=1	http://localhost:5173
20231029	20:28:47	439ccbb3-5c7c-4e87-a214-49cf82027e2c	GET	/tasks?userId=1	http://localhost:5173
20231029	20:57:34	f4f64d7a-4a04-41e4-a9b3-ecbe97e9caa5	GET	/tasks?userId=1	http://localhost:5173
20231029	20:57:34	58113a7d-1a12-46f7-a237-dbd4dc7bec67	GET	/lists?userId=1	http://localhost:5173
20231029	21:00:49	fdadd900-3919-47e2-a374-3bffb6640664	GET	/tasks/myday?userId=1	http://localhost:5173
20231029	21:00:50	f7f1e459-b01f-4d44-aad8-be463e955e04	GET	/tasks/important?userId=1	http://localhost:5173
20231029	21:00:51	029b874c-fa4d-4e7f-81d2-d42a2f035158	GET	/tasks/planned?userId=1	http://localhost:5173
20231029	21:00:51	3828675a-40a3-4ac6-89f4-a326018e0bee	GET	/tasks?userId=1	http://localhost:5173
20231029	21:00:52	5f643027-e8b1-4abe-86dd-8e74b500aab1	GET	/tasks/listSpecific?listId=1&userId=1	http://localhost:5173
20231029	21:01:24	6ae104b5-c444-42f8-8d2c-260e09f59738	GET	/tasks?userId=1	http://localhost:5173
20231029	21:02:33	0b6bd924-ec2b-424a-8e6b-8fa638fbb997	GET	/lists?userId=1	http://localhost:5173
20231029	21:02:33	5987cb7b-4bdf-4544-b97d-f658ad17ab81	GET	/tasks?userId=1	http://localhost:5173
20231029	21:05:14	58032ea0-e7bc-47f5-9ea5-129b4605d3d6	GET	/tasks?userId=1	http://localhost:5173
20231029	21:05:14	7978eadd-91b2-40d7-adbb-85017a9c2777	GET	/lists?userId=1	http://localhost:5173
20231029	21:07:26	9ff70bea-6d5e-400a-9bfa-c882de40a94a	GET	/lists?userId=1	http://localhost:5173
20231029	21:07:26	40119737-ea72-4a0c-a4b2-0bfd60508967	GET	/tasks?userId=1	http://localhost:5173
20231029	21:08:33	e70ec5b0-5bc3-47f0-bd11-8d3259584585	GET	/lists?userId=1	http://localhost:5173
20231029	21:08:33	6eeedbdf-19ed-4cc2-829a-b757fba888e0	GET	/tasks?userId=1	http://localhost:5173
20231029	21:09:28	1761449f-e63b-44c5-868e-3a3b5b3c8744	GET	/tasks?userId=1	http://localhost:5173
20231029	21:09:28	535eb7d4-a06e-4a59-bc02-a433fe93d26c	GET	/lists?userId=1	http://localhost:5173
20231029	21:12:24	a809cc10-5aa2-49f2-8278-dc14c7e5e710	GET	/lists?userId=1	http://localhost:5173
20231029	21:12:24	4a25bdc4-36d3-4017-ae24-5b014f64b54f	GET	/tasks?userId=1	http://localhost:5173
20231029	21:12:34	da389fb3-fc62-434c-99d2-984376d2bace	GET	/tasks/listSpecific?listId=1&userId=1	http://localhost:5173
20231029	21:12:35	0478c86c-11e0-4ad6-9025-2da951911586	GET	/tasks?userId=1	http://localhost:5173
20231029	21:12:36	8091b424-c10d-46bd-89e9-01a1406040b9	GET	/tasks/important?userId=1	http://localhost:5173
20231029	21:12:36	a36283b9-c7bc-4447-9966-dc88679f5981	GET	/tasks/myday?userId=1	http://localhost:5173
20231029	21:15:18	7691b235-ba08-4a7d-bfc9-1f6b074d53a0	GET	/tasks?userId=1	http://localhost:5173
20231029	21:15:18	03d10e3b-7fb6-4d01-82b3-731f476a4c88	GET	/lists?userId=1	http://localhost:5173
20231029	21:15:49	83ab8a28-fcf2-4de7-9ac0-745c8f7599db	GET	/lists?userId=1	http://localhost:5173
20231029	21:15:49	c4f695fc-dd5f-4c2b-be8c-28c6ebeadf31	GET	/tasks?userId=1	http://localhost:5173
20231029	21:16:00	ea841235-7713-46f0-b9e5-0d1dd56ee95d	OPTIONS	/lists	http://localhost:5173
20231029	21:16:00	2f34f884-5b12-45e8-87ef-34ce26f72d4b	POST	/lists	http://localhost:5173
20231029	21:16:19	879cc8a9-0368-4927-ae1e-faedb32ef52c	GET	/lists?userId=1	http://localhost:5173
20231029	21:16:19	bd33094a-e79f-415c-b24d-aa3181f0bf2f	GET	/tasks?userId=1	http://localhost:5173
20231029	21:16:24	5806c109-0683-4a79-9a73-639b298a9447	GET	/tasks/listSpecific?listId=2&userId=1	http://localhost:5173
20231029	21:16:28	a1814b3e-6bea-45f0-93c2-59255a646069	GET	/tasks/listSpecific?listId=1&userId=1	http://localhost:5173
20231029	21:16:29	c337bb8f-653c-49b1-84ef-7022ee4b0cfe	GET	/tasks/listSpecific?listId=2&userId=1	http://localhost:5173
20231029	21:17:17	9aa5e9a0-03a8-4046-a899-146adc08e612	GET	/tasks?userId=1	http://localhost:5173
20231029	21:17:17	bb6c2183-3e87-4ffe-b02c-27c9d85287e1	GET	/lists?userId=1	http://localhost:5173
20231029	21:17:45	60315b7e-1410-4bcb-80c1-16b8f993c83b	OPTIONS	/lists	http://localhost:5173
20231029	21:17:45	089fb22b-430b-4521-bc85-e3fc3a656099	GET	/lists?userId=1	http://localhost:5173
20231029	21:17:45	c2652dca-a43d-4dd5-a9fa-ab5ae086cce3	POST	/lists	http://localhost:5173
20231029	21:18:14	532715c1-d076-4e2e-a94b-e9ac241cdef2	GET	/lists?userId=1	http://localhost:5173
20231029	21:18:14	b2528123-2bf6-4d18-9d84-426e0655fa90	GET	/tasks?userId=1	http://localhost:5173
20231029	21:18:39	de5095d6-00fd-4dbb-b281-1ccaa0681703	OPTIONS	/lists	http://localhost:5173
20231029	21:18:39	6398a684-6452-4460-869a-a20b748d0a0e	GET	/lists?userId=1	http://localhost:5173
20231029	21:18:39	db546c52-5259-4349-9c2e-ca65830bfb8e	POST	/lists	http://localhost:5173
20231029	21:18:43	d2c272b8-71b9-44e4-9b1d-142456f4c534	GET	/lists?userId=1	http://localhost:5173
20231029	21:18:43	e5cc4b07-01c2-48fa-a3ca-b3d2b2212a4d	GET	/tasks?userId=1	http://localhost:5173
20231029	21:19:35	3417b9a9-0afc-4c5b-9a71-aba2e39868fa	OPTIONS	/lists	http://localhost:5173
20231029	21:19:35	2ef85814-9412-49c0-bccc-184da5be459a	GET	/lists?userId=1	http://localhost:5173
20231029	21:19:35	fa619da3-c747-4ad3-9308-dc245db1a794	POST	/lists	http://localhost:5173
20231029	21:20:40	4fb3b8a8-9dd6-4d91-98c6-3eae7ee9d670	GET	/lists?userId=1	http://localhost:5173
20231029	21:20:40	5d3a1e6f-ed86-47a4-9eae-d0dcc675764d	GET	/tasks?userId=1	http://localhost:5173
20231029	21:20:43	981de38e-1b89-493c-8e09-5071c2a170da	OPTIONS	/lists	http://localhost:5173
20231029	21:20:43	ad20e50b-4c2f-4992-bfea-0b18e73d993c	POST	/lists	http://localhost:5173
20231029	21:20:43	25b4c441-8000-4684-8b4b-05c88eac489b	GET	/lists?userId=1	http://localhost:5173
20231029	21:20:48	1043c2ba-3210-4653-a4a0-fd1f77932fe3	GET	/tasks/listSpecific?listId=6&userId=1	http://localhost:5173
20231029	21:20:49	ee08f746-e64a-4b55-b9d3-14512ef07c9d	GET	/tasks/listSpecific?listId=5&userId=1	http://localhost:5173
20231029	21:20:50	82f70977-524d-493e-812e-5764024a7e54	GET	/tasks/listSpecific?listId=4&userId=1	http://localhost:5173
20231029	21:20:50	a95c06b2-bf98-42d8-86f2-d41f905bc270	GET	/tasks/listSpecific?listId=3&userId=1	http://localhost:5173
20231029	21:20:51	559158c0-a398-4a0c-91bb-14fff8f8f31e	GET	/tasks/listSpecific?listId=2&userId=1	http://localhost:5173
20231029	21:20:51	2b25acfc-c411-4b9d-a21d-bcdb671e5faa	GET	/tasks/listSpecific?listId=1&userId=1	http://localhost:5173
20231029	21:27:58	3a905e57-dc9f-4979-b9c3-60f5a73a4ba6	GET	/tasks?userId=1	http://localhost:5173
20231029	21:27:58	70cc5243-1643-4fef-9517-89ac16c0dda5	GET	/lists?userId=1	http://localhost:5173
20231029	21:33:12	9a4c8ed3-b9bb-49d8-97f4-c8b8cf99cd80	GET	/tasks?userId=1	http://localhost:5173
20231029	21:33:12	dd03f378-e7fd-4ffb-aa7f-079dfb653a9a	GET	/lists?userId=1	http://localhost:5173
20231029	21:44:34	9446ccb2-c565-4b39-a453-77af34297377	GET	/lists?userId=1	http://localhost:5173
20231029	21:44:34	17b053f7-ca5f-4131-821c-0c08e2ccb4b8	GET	/tasks?userId=1	http://localhost:5173
20231029	21:47:43	e2130422-908e-4ad4-8656-c712e01b7805	GET	/tasks?userId=1	http://localhost:5173
20231029	21:47:43	da377996-bd71-4539-87ca-f7145a84e068	GET	/lists?userId=1	http://localhost:5173
20231029	21:47:50	a2900ce0-6a75-449e-afab-34ad8b447f29	GET	/tasks?userId=1	http://localhost:5173
20231029	21:47:51	c298d43f-0ff3-4731-b204-838857d39be5	GET	/tasks?userId=1	http://localhost:5173
20231029	21:47:52	ff22acf1-5b18-4c94-9b83-f4472bbcead3	GET	/tasks?userId=1	http://localhost:5173
20231029	21:48:14	5f3d1180-d479-40ec-aaca-28c3e54bcd01	GET	/lists?userId=1	http://localhost:5173
20231029	21:48:14	58a62cf6-bd7a-467d-832d-f4a0b87cdd22	GET	/tasks?userId=1	http://localhost:5173
20231029	21:50:41	93424dd4-442e-458a-baa0-dda6ef49829d	GET	/lists?userId=1	http://localhost:5173
20231029	21:50:41	f0b82334-0caf-4c78-b9c7-fecff6fbbd0a	GET	/tasks?userId=1	http://localhost:5173
20231029	22:03:45	460acfe9-ec50-4e65-a44f-d9e76fe9d92e	GET	/tasks/listSpecific?listId=2&userId=1	http://localhost:5173
20231029	22:05:21	2ad1156c-4c22-4c31-9373-35387aad0c52	GET	/lists?userId=1	http://localhost:5173
20231029	22:05:21	69921ecc-05c3-462c-b526-47e51319991e	GET	/tasks?userId=1	http://localhost:5173
20231029	22:05:27	37309729-241e-4d37-8d8e-267f848499b6	GET	/tasks?userId=1	http://localhost:5173
20231029	22:05:28	91967f38-1169-49f9-8054-2a6466861003	GET	/tasks/planned?userId=1	http://localhost:5173
20231029	22:08:43	3f633d42-5019-46eb-b91e-42cbd81678e0	GET	/lists?userId=1	http://localhost:5173
20231029	22:08:43	d59d22cd-14bd-43ab-b831-1b1df5058418	GET	/tasks?userId=1	http://localhost:5173
20231029	22:10:10	91e7e2d2-07ba-4a23-83dc-ba299275226f	GET	/lists?userId=1	http://localhost:5173
20231029	22:10:10	d79899c1-5a3f-43ce-b2ee-9e0ab5ba01af	GET	/tasks?userId=1	http://localhost:5173
20231029	22:11:21	a4994183-d767-4850-b1aa-b6c968be9e29	GET	/lists?userId=1	http://localhost:5173
20231029	22:11:21	0ddfc69e-2023-49f1-95f8-fba356d7bfa1	GET	/tasks?userId=1	http://localhost:5173
20231029	22:11:29	5f6eb6ab-5d69-4190-98e4-dd65745ae9a7	OPTIONS	/lists	http://localhost:5173
20231029	22:11:29	fb17f695-26c5-4248-9166-7329d49453b4	DELETE	/lists	http://localhost:5173
20231029	22:11:31	31056621-33dd-4b08-9f46-fa1d48b7f8be	GET	/lists?userId=1	http://localhost:5173
20231029	22:11:31	59b442f8-5b2d-4214-bd44-40f90086c981	GET	/tasks?userId=1	http://localhost:5173
20231029	22:11:42	3dc9f584-6e7f-4557-86a7-2648b015b4c1	OPTIONS	/lists	http://localhost:5173
20231029	22:11:42	9d034bb4-c819-4434-bec5-d4ea3395bce0	DELETE	/lists	http://localhost:5173
20231029	22:12:35	2df8ef97-ee09-458b-b3c2-69ef36767877	GET	/tasks/listSpecific?listId=3&userId=1	http://localhost:5173
20231029	22:12:41	301eb31f-7629-4459-84e7-de55478879ee	GET	/lists?userId=1	http://localhost:5173
20231029	22:12:41	328472a0-cd63-4daa-b826-3238d7569439	GET	/tasks?userId=1	http://localhost:5173
20231029	22:12:43	2272a0ed-9866-492d-99ac-fd5a4e2995d3	OPTIONS	/lists	http://localhost:5173
20231029	22:12:43	496fc334-df8e-46ab-9217-316b64d84297	DELETE	/lists	http://localhost:5173
20231029	22:14:16	c08e9efa-9f88-409a-9db3-8509621c64e0	OPTIONS	/lists	http://localhost:5173
20231029	22:14:16	998acf35-6e29-4e36-91fb-3eab89ce7275	OPTIONS	/lists	http://localhost:5173
20231029	22:14:16	302c2d2a-7fd2-41a0-afc3-76076daa32d5	DELETE	/lists	http://localhost:5173
20231029	22:14:16	9b077ebe-32f3-408e-8b79-c0e1e71cba84	DELETE	/lists	http://localhost:5173
20231029	22:14:18	4c7b6a52-f085-4904-86fe-10564c3903a9	DELETE	/lists	http://localhost:5173
20231029	22:14:18	ec220f5c-0837-4aa7-9776-75b86fd2abc1	DELETE	/lists	http://localhost:5173
20231029	22:14:18	a7b2b291-1489-4234-97e6-c128305a1c6b	DELETE	/lists	http://localhost:5173
20231029	22:14:19	57f75d8e-9d62-4df4-af84-89070197fb30	GET	/lists?userId=1	http://localhost:5173
20231029	22:14:19	bd6cc546-5223-4967-9c2e-37a256d75a29	GET	/tasks?userId=1	http://localhost:5173
20231029	22:14:21	a46c25fb-f879-413d-b722-cb601527dfb1	OPTIONS	/lists	http://localhost:5173
20231029	22:14:21	b30b6d0c-a889-4f6e-ad36-d85d4fb35491	DELETE	/lists	http://localhost:5173
20231029	22:14:32	b0b1e73a-5a5a-48e8-a151-7c3f5152a744	GET	/lists	undefined
20231029	22:14:33	ef60770c-643b-49bf-b90c-f38d507f68ab	GET	/favicon.ico	undefined
20231029	22:14:47	b565d34d-8889-40ea-9e23-7b3d403767a2	OPTIONS	/lists	http://localhost:5173
20231029	22:14:47	299fdf23-f9f9-4751-9ae1-2c1f2205c3a8	OPTIONS	/lists	http://localhost:5173
20231029	22:14:47	eb187fd1-d7f0-46b2-8ac7-fed2a93effe9	DELETE	/lists	http://localhost:5173
20231029	22:14:47	c480533c-87ed-49f2-9502-d7cafcfd1b28	DELETE	/lists	http://localhost:5173
20231029	22:15:48	81ce0cf6-158e-4ea0-87bc-8867c3024f25	OPTIONS	/lists	http://localhost:5173
20231029	22:15:48	d6fc825d-ed3f-40cd-a09a-d09812e88e06	OPTIONS	/lists	http://localhost:5173
20231029	22:15:48	ac1f7e85-3dce-459a-8907-e782be9efab9	OPTIONS	/lists	http://localhost:5173
20231029	22:15:48	272aecef-26dd-4a79-840d-fbf8a35d0be8	DELETE	/lists	http://localhost:5173
20231029	22:15:48	e3a2d21f-adc0-4afc-b6eb-06d148477b7e	DELETE	/lists	http://localhost:5173
20231029	22:15:48	869b51a1-f00d-4849-8c86-d6271c35e5e4	DELETE	/lists	http://localhost:5173
20231029	22:15:58	9db3932a-042b-4ba9-9898-55d87c5db3e8	GET	/lists	undefined
20231029	22:17:54	cfaca89f-aca2-4869-9df6-17b5b07fe209	GET	/lists?userId=1	http://localhost:5173
20231029	22:17:54	a2429123-fae1-4767-9e5d-fa26a1121e4b	GET	/tasks?userId=1	http://localhost:5173
20231029	22:17:57	4c2e1a75-cfc9-465c-a01a-a6cf4bed453e	GET	/tasks/listSpecific?listId=4&userId=1	http://localhost:5173
20231029	22:18:01	bcecc621-4280-4cb9-97fd-79cb161462fc	OPTIONS	/lists?userId=1&listId=5	http://localhost:5173
20231029	22:18:01	85df6b37-3f26-4344-8f3f-b61392108039	DELETE	/lists?userId=1&listId=5	http://localhost:5173
20231029	22:18:10	b119f45c-9e8f-47f7-8a38-5430a8798a5d	GET	/lists?userId=1	http://localhost:5173
20231029	22:18:10	78752b6f-8039-4821-bbd8-b7a348598d29	GET	/tasks?userId=1	http://localhost:5173
20231029	22:18:30	ef00bad3-c1e0-4170-9da8-85d7990e6727	GET	/lists?userId=1	http://localhost:5173
20231029	22:18:30	158fe614-9638-4ca5-93dd-19862faa3ac8	GET	/tasks?userId=1	http://localhost:5173
20231029	22:18:32	7254fb8b-c468-4346-8345-ba31a5b1970b	GET	/lists	http://localhost:5173
20231029	22:18:32	75ea5525-488a-4ac5-9199-11da4a14edac	OPTIONS	/lists?userId=1&listId=6	http://localhost:5173
20231029	22:18:32	6fac5591-b3e4-48ba-ac5a-b7b7a90fd40c	DELETE	/lists?userId=1&listId=6	http://localhost:5173
20231029	22:18:35	f3494555-cc46-442a-b3e8-f2afa69ac672	GET	/lists?userId=1	http://localhost:5173
20231029	22:18:35	687897ea-8c1a-4892-afdd-befb85b0a044	GET	/tasks?userId=1	http://localhost:5173
20231029	22:19:12	8790fe4d-46c7-4a53-89b1-84217ec92bac	GET	/lists?userId=1	http://localhost:5173
20231029	22:19:12	0fd0fb7d-acdc-4ac4-ac52-9478e8e2e090	GET	/tasks?userId=1	http://localhost:5173
20231029	22:19:19	49767682-1c18-43be-a70b-d47467002a3c	GET	/lists?userId=1	http://localhost:5173
20231029	22:19:19	5a8ef965-c936-495c-89f5-3b5878b73613	GET	/tasks?userId=1	http://localhost:5173
20231029	22:19:23	bacd2153-b6dc-46c1-865a-864a71fbed0a	OPTIONS	/lists?userId=1&listId=4	http://localhost:5173
20231029	22:19:23	d059c2f9-0619-451d-88f0-6280c326f902	DELETE	/lists?userId=1&listId=4	http://localhost:5173
20231029	22:19:23	1add8913-a9bf-4ef9-aa3f-d89480f826b9	GET	/lists	http://localhost:5173
20231029	22:19:27	cbd7e562-d8d6-490d-9808-80af145a8768	GET	/lists?userId=1	http://localhost:5173
20231029	22:19:27	9428c54b-50b5-4515-b7f8-790b7c6e1fdf	GET	/tasks?userId=1	http://localhost:5173
20231029	22:19:49	085d7a75-cbf7-4ec6-b495-0a0c12da042e	GET	/lists?userId=1	http://localhost:5173
20231029	22:19:49	7222d9be-c9cf-477f-a491-cc35372bede6	GET	/tasks?userId=1	http://localhost:5173
20231029	22:19:58	3b29a598-4672-4370-9ca8-b9ddbea6edb4	OPTIONS	/lists?userId=1&listId=3	http://localhost:5173
20231029	22:19:58	a58333da-4ae5-485a-af87-56c5c0144d59	DELETE	/lists?userId=1&listId=3	http://localhost:5173
20231029	22:19:59	bb5ee29b-39d3-4fb1-a166-d26205ed7ed9	GET	/lists	http://localhost:5173
20231029	22:20:01	f2fd7b76-aa98-4b7d-8ef8-633455f071bf	GET	/lists?userId=1	http://localhost:5173
20231029	22:20:01	3c97a224-0782-45f1-a3ed-91a6ff77d245	GET	/tasks?userId=1	http://localhost:5173
20231029	22:20:05	f13f11c3-b85e-46f7-ad0e-f265144b6ab7	OPTIONS	/lists?userId=1&listId=2	http://localhost:5173
20231029	22:20:05	11cb8bbb-a5b9-4c56-984f-73d63fb2aae6	DELETE	/lists?userId=1&listId=2	http://localhost:5173
20231029	22:20:05	5c58fbc7-5a40-429f-a92b-069ce34037b7	GET	/lists	http://localhost:5173
20231029	22:21:27	83ad1030-faa4-42df-ace0-d2ca9d8116d5	GET	/lists?userId=1	http://localhost:5173
20231029	22:21:27	e879c224-d011-4fe8-9061-f1e064eff93e	GET	/tasks?userId=1	http://localhost:5173
20231029	22:21:31	51e3fe25-30e5-4f87-b5ff-5f511ed220d3	OPTIONS	/lists	http://localhost:5173
20231029	22:21:31	c066c57e-1f63-45e8-8f83-45396ef4f2d6	POST	/lists	http://localhost:5173
20231029	22:21:31	c2d1798e-7106-4c72-a4ff-027ee823233b	GET	/lists?userId=1	http://localhost:5173
20231029	22:21:33	eaadff04-91ed-49f8-a33f-7b8a4d6aae12	OPTIONS	/lists?userId=1&listId=7	http://localhost:5173
20231029	22:21:33	c7517fe5-6434-45eb-af43-edca4cef7ada	DELETE	/lists?userId=1&listId=7	http://localhost:5173
20231029	22:21:33	d685a885-487e-4c0a-855f-ce790204d160	GET	/lists?userId=1	http://localhost:5173
20231029	22:21:37	9ba48006-402b-4e49-83a9-14fb44d50bb9	OPTIONS	/lists	http://localhost:5173
20231029	22:21:37	dc6bac0f-efbb-4799-b060-4fd5fd867742	POST	/lists	http://localhost:5173
20231029	22:21:37	2a4ef925-eff0-4f75-9a27-8c8da2811640	GET	/lists?userId=1	http://localhost:5173
20231029	22:21:38	ba4667e7-6b9a-4760-8911-18ebf95e91b7	OPTIONS	/lists?userId=1&listId=7	http://localhost:5173
20231029	22:21:38	422d1d65-a612-4f60-a1c7-fd5266323389	OPTIONS	/lists?userId=1&listId=8	http://localhost:5173
20231029	22:21:38	93519b28-f291-4bc7-a8e2-00544b68d2a2	DELETE	/lists?userId=1&listId=7	http://localhost:5173
20231029	22:21:38	bce37db1-96a3-4995-9c49-f190e1086f96	DELETE	/lists?userId=1&listId=8	http://localhost:5173
20231029	22:21:38	1f9d84b9-bf85-4a45-974e-5a3cf33f821c	GET	/lists?userId=1	http://localhost:5173
20231029	22:21:38	d19a41d5-cd62-492b-b468-41f5c65531b4	GET	/lists?userId=1	http://localhost:5173
20231029	22:21:44	38e885bb-3d4a-4eb8-ae15-67caa3fd7c41	OPTIONS	/lists	http://localhost:5173
20231029	22:21:44	fa123fdb-7968-46f4-9708-9637e5f8c01f	POST	/lists	http://localhost:5173
20231029	22:21:44	7a357ef1-ef37-4c18-8cd3-0a9e12d86f7e	GET	/lists?userId=1	http://localhost:5173
20231029	22:21:55	17befd44-8ef4-4694-8d08-ada7eda5b21a	OPTIONS	/auth/login	http://localhost:5173
20231029	22:21:55	9be9c19f-d794-43e6-a8a4-2e638e661fcc	POST	/auth/login	http://localhost:5173
20231029	22:21:56	86472a0c-67f5-471b-949c-271fb325c1fa	GET	/lists?userId=1	http://localhost:5173
20231029	22:21:56	e1624420-4585-42c7-a99b-15ddbbf752ab	GET	/tasks?userId=1	http://localhost:5173
20231030	11:08:45	27c9241c-eb90-40b2-ab02-a50d52fbec4c	GET	/tasks	undefined
20231030	11:08:55	677c2074-7704-47de-93e1-f5e19e22e51a	GET	/tasks	undefined
20231030	11:09:02	164623d2-9a49-4c70-9b76-fc9a49e7d65d	GET	/tasks?userId=1	undefined
20231030	11:10:01	768a2e1d-6962-4e4a-b59b-a215d9b4ad86	GET	/tasks?userId=1	http://localhost:5173
20231030	11:10:01	7f0493c6-f090-4af2-9288-ffd7239acbaf	GET	/lists?userId=1	http://localhost:5173
20231030	11:10:11	7a50e413-37a4-46fd-a0e4-52b93153fd1d	OPTIONS	/auth/login	http://localhost:5173
20231030	11:10:11	0c76eaf8-c151-4cac-99a3-99f024159ce4	POST	/auth/login	http://localhost:5173
20231030	11:10:11	700955e3-dcc2-423f-bd05-9876a190f8e4	GET	/lists?userId=1	http://localhost:5173
20231030	11:10:11	f683943e-3825-41f9-a56b-5f14b83164de	GET	/tasks?userId=1	http://localhost:5173
20231030	11:10:12	5c11304e-d2a1-40d9-890d-b654f7c75e79	GET	/tasks/listSpecific?listId=9&userId=1	http://localhost:5173
20231030	11:10:14	db2de2ab-3a1d-4a77-b4a7-c717980a56b3	GET	/tasks?userId=1	http://localhost:5173
20231030	11:10:14	c6bd1c2f-0631-4c22-87b2-30eee3ccb641	GET	/tasks/planned?userId=1	http://localhost:5173
20231030	11:10:14	9b57670d-c9c1-4319-a08c-c24f8fb097b2	GET	/tasks/important?userId=1	http://localhost:5173
20231030	11:10:16	a378844d-087b-404f-88f3-0e7e017b409d	GET	/tasks?userId=1	http://localhost:5173
20231030	17:03:39	4195fc5b-99e1-4a3a-bbda-e8661ad7fce8	GET	/lists?userId=1	http://localhost:5173
20231030	17:03:39	76e9e235-34f8-4ad7-b559-8d9a59fa77ec	GET	/tasks?userId=1	http://localhost:5173
20231030	17:03:50	de0f1819-e27c-48df-a5fe-a98171b129ca	OPTIONS	/auth/login	http://localhost:5173
20231030	17:03:50	86c55d98-ec2b-4427-b6f7-2126d10b1f1c	POST	/auth/login	http://localhost:5173
20231030	17:03:50	feff3151-a3e0-4a5a-87f9-2446d8a5c0b3	GET	/lists?userId=1	http://localhost:5173
20231030	17:03:50	e61029e4-a3b8-497a-8168-920a438665c5	GET	/tasks?userId=1	http://localhost:5173
20231030	17:03:54	557d37c5-f66f-4d7f-bc57-26f79ba78815	GET	/tasks/planned?userId=1	http://localhost:5173
20231030	17:03:54	eac7af1f-5fa5-4637-b331-7807fb27d702	GET	/tasks/planned?userId=1	http://localhost:5173
20231030	17:03:54	6b506f79-62a7-440e-947b-133a7222deb5	GET	/tasks/important?userId=1	http://localhost:5173
20231030	17:03:55	9821b646-af53-4134-80c4-0075205d63e7	GET	/tasks/myday?userId=1	http://localhost:5173
20231030	17:03:55	71b72bea-3df0-4d29-8cf9-7f09ea0a20fc	GET	/tasks?userId=1	http://localhost:5173
20231030	17:03:56	c8254f9a-5d1e-400b-9aa1-617dd2f7cf07	GET	/tasks/planned?userId=1	http://localhost:5173
20231030	17:03:56	bd24efab-553f-4996-ae6c-b43183c27fc8	GET	/tasks/important?userId=1	http://localhost:5173
20231030	17:03:57	e6b755cd-8580-4069-ae9e-034f63daa239	GET	/tasks/myday?userId=1	http://localhost:5173
20231030	17:04:00	88a5281c-6104-424d-8952-e97a6fecaf65	GET	/tasks/listSpecific?listId=9&userId=1	http://localhost:5173
20231030	17:04:03	7a18b900-827d-4f92-9a5b-8796695d71a4	OPTIONS	/lists	http://localhost:5173
20231030	17:04:03	2e2f6689-9efa-4731-b1fc-23bdb20d4824	POST	/lists	http://localhost:5173
20231030	17:04:03	58cdd7c1-f9f2-4647-a581-b0bf24823c4c	GET	/lists?userId=1	http://localhost:5173
20231030	17:04:04	31690a78-9717-4f8e-87de-4afdcf106d52	POST	/lists	http://localhost:5173
20231030	17:04:04	7fe02067-65f2-4b91-a1b8-7adef71fb8dc	GET	/lists?userId=1	http://localhost:5173
20231030	17:07:58	e335dcf9-6d0c-49da-a944-d5630b838ec0	GET	/tasks?userId=1	undefined
20231030	17:09:01	36e94351-e6f9-4101-bba9-d23bf08b401d	GET	/tasks/myday?userId=1	http://localhost:5173
20231030	17:09:01	b565671d-1d17-40ca-82ef-4cecef9fd2b5	GET	/tasks/important?userId=1	http://localhost:5173
20231030	17:09:01	06c84e5d-7a5f-4443-a83c-b1a0cbfe9480	GET	/tasks/planned?userId=1	http://localhost:5173
20231030	17:09:02	26229614-4722-441c-b6e5-95a2c8af5c9d	GET	/tasks?userId=1	http://localhost:5173
20231030	17:10:42	4a2aed9a-52d3-453b-b0ba-82f867e9a030	GET	/tasks?userId=1	http://localhost:5173
20231030	17:10:42	b3c270ee-bd08-4da3-b398-6e088751ab43	GET	/lists?userId=1	http://localhost:5173
20231030	20:08:01	2fed659b-ee1d-48f5-ae78-c8794ef89cf5	GET	/lists	http://localhost:5173
20231030	20:08:01	e1eccd65-50d2-455c-8390-ccf284caf4d5	GET	/tasks	http://localhost:5173
20231030	20:08:08	26e85321-1168-43de-abdd-dd51c74caa10	OPTIONS	/auth/login	http://localhost:5173
20231030	20:08:08	124c70fd-7e40-4b62-a276-0e09d1915aa2	POST	/auth/login	http://localhost:5173
20231030	20:08:08	9c09321f-f0f1-4eb3-ba73-287281dca2a4	GET	/lists?userId=1	http://localhost:5173
20231030	20:08:08	b8e6e76d-7674-4d0d-9c59-6b99884dff95	GET	/tasks?userId=1	http://localhost:5173
20231030	20:11:57	49bb6149-2559-4943-94d4-a8d3865605bf	GET	/lists?userId=1	http://localhost:5173
20231030	20:11:57	13db20ee-66d0-4443-8027-e43048bccf61	GET	/tasks?userId=1	http://localhost:5173
20231030	20:12:18	824263cf-cfb8-4211-b5f1-a56ea57fd113	GET	/tasks?userId=1	http://localhost:5173
20231030	20:12:18	d21559e6-27cd-49cc-a89b-c32b9f1f7044	GET	/lists?userId=1	http://localhost:5173
20231030	20:12:40	89beb37b-14ed-44cd-a965-cfd873a5ad47	GET	/lists?userId=1	http://localhost:5173
20231030	20:12:40	7bfbe03f-d58a-4582-ab19-d4a8d0105e78	GET	/tasks?userId=1	http://localhost:5173
20231030	20:15:51	b1f57120-9198-457b-b6be-ee0799de226c	GET	/lists?userId=1	http://localhost:5173
20231030	20:15:51	3f9200b7-e3fd-4612-95c3-e0fb8c9ebc07	GET	/tasks?userId=1	http://localhost:5173
20231030	20:16:13	95934498-d7c0-4f27-a72b-31e2ba225bcc	GET	/lists?userId=1	http://localhost:5173
20231030	20:16:13	50262784-e61d-4df9-bb2a-b2c7696580cf	GET	/tasks?userId=1	http://localhost:5173
20231030	20:18:57	d67fb75a-fb09-4a12-a53e-c193acf20126	GET	/tasks/listSpecific?listId=9&userId=1	http://localhost:5173
20231030	20:18:58	f760dd88-bb56-4919-9c70-625542dcd652	GET	/tasks/important?userId=1	http://localhost:5173
20231030	20:18:59	1563221f-4551-4513-9aa1-ffa2e15e8fbc	GET	/tasks/myday?userId=1	http://localhost:5173
20231030	20:19:00	1b60d45d-5d5f-42e0-ae17-6a2f1386eebf	GET	/tasks?userId=1	http://localhost:5173
20231030	20:22:02	bbd134cc-2659-40d0-aa56-bf82c6159e36	GET	/lists?userId=1	http://localhost:5173
20231030	20:22:02	da760052-db58-4d7d-a787-a8630c13de53	GET	/tasks?userId=1	http://localhost:5173
20231030	20:25:36	676ab885-bddc-4eb8-ba63-7d0fe3ee9589	GET	/lists?userId=1	http://localhost:5173
20231030	20:25:36	73346039-feff-4b4e-ad0f-9f681028611c	GET	/tasks?userId=1	http://localhost:5173
20231030	20:25:39	c6bcab6e-08fe-42f9-a4c0-17ee8082cbbe	GET	/lists?userId=1	http://localhost:5173
20231030	20:25:39	c3e4ed07-9aa6-4efc-bd8d-d07325cd25b4	GET	/tasks?userId=1	http://localhost:5173
20231030	20:26:00	58d38e52-6464-4a09-956e-5bb68b018cff	GET	/tasks?userId=1	http://localhost:5173
20231030	20:26:00	b56a0b79-96e5-43fb-b2b1-14fbcbba9026	GET	/lists?userId=1	http://localhost:5173
20231030	20:28:35	f57a6091-714d-4aa1-a3bb-080bb5837578	GET	/lists?userId=1	http://localhost:5173
20231030	20:28:35	ddbd9295-2c24-4d3f-95fc-99cf078d2d72	GET	/tasks?userId=1	http://localhost:5173
20231030	20:29:01	e4abf6fb-42a0-4b57-8938-53a3020efdb1	GET	/tasks?userId=1	http://localhost:5173
20231030	20:29:01	dffaecb8-2cdb-4e26-a9be-1b39baef9e19	GET	/lists?userId=1	http://localhost:5173
20231030	20:30:20	3cd79e7c-979e-439f-b202-b703e1fbb106	GET	/lists?userId=1	http://localhost:5173
20231030	20:30:20	e63504a4-16b0-435b-9e0a-8367bf491f2a	GET	/tasks?userId=1	http://localhost:5173
20231030	20:30:23	36c06543-2d56-475a-a204-616f143d2e11	GET	/lists?userId=1	http://localhost:5173
20231030	20:30:23	c158c2a9-e8dc-4a30-a16a-a4c9b1aa264a	GET	/tasks?userId=1	http://localhost:5173
20231030	20:31:34	cbe77392-cd74-4531-8f8b-76c3213b5d34	GET	/lists?userId=1	http://localhost:5173
20231030	20:31:34	78e78c77-4c52-4a6a-872e-9bd90e8d30df	GET	/tasks?userId=1	http://localhost:5173
20231030	20:31:53	449938a5-ca82-417b-8a1f-acc2f936a0c5	GET	/lists?userId=1	http://localhost:5173
20231030	20:31:53	8c8f09cf-43a1-466f-abd7-3dae31c065bf	GET	/tasks?userId=1	http://localhost:5173
20231030	20:32:04	35ed50ea-173f-45e0-ac28-395cb6ad9881	GET	/lists?userId=1	http://localhost:5173
20231030	20:32:04	47600514-2858-4b4a-a79d-ef196030fa8b	GET	/tasks?userId=1	http://localhost:5173
20231030	20:33:03	efb6a995-b9ac-48b4-9902-cba7ce535fb6	GET	/lists?userId=1	http://localhost:5173
20231030	20:33:03	39c86ee9-5ca3-4351-8def-9694d5536d3f	GET	/tasks?userId=1	http://localhost:5173
20231030	20:33:21	652f2c7a-302d-4528-afa1-0a418350b6e5	GET	/lists?userId=1	http://localhost:5173
20231030	20:33:21	9d4b9c81-9e67-4315-9bf7-39b15b9031ba	GET	/tasks?userId=1	http://localhost:5173
20231030	20:33:45	760a6c04-3fab-49cd-9303-02b367eac739	GET	/lists?userId=1	http://localhost:5173
20231030	20:33:45	c86a5084-6fb1-4452-a170-843cb1cfe2f2	GET	/tasks?userId=1	http://localhost:5173
20231030	20:34:44	c68dfd0a-8308-48f8-b656-e6bf26ee55ad	GET	/lists?userId=1	http://localhost:5173
20231030	20:34:44	acf88c27-990f-470d-a945-9bb50b48d364	GET	/tasks?userId=1	http://localhost:5173
20231030	20:36:03	c93367aa-e1bd-42ea-9486-1e8392a6a1ba	GET	/lists?userId=1	http://localhost:5173
20231030	20:36:03	035503cc-87b9-45f8-84dc-f734e26b10d0	GET	/tasks?userId=1	http://localhost:5173
20231030	20:42:37	c7a3c567-b756-48e7-a3aa-af4d0eab2d94	GET	/lists?userId=1	http://localhost:5173
20231030	20:42:37	e0653d74-f696-4ad5-a66e-27cc6f053030	GET	/tasks?userId=1	http://localhost:5173
20231030	20:42:54	2f702dac-aab0-4c03-a489-14d5ec2c17a4	GET	/lists?userId=1	http://localhost:5173
20231030	20:42:54	c5ddcfb6-d612-4971-af67-dad6367afcf9	GET	/tasks?userId=1	http://localhost:5173
20231030	20:42:58	3094dd2a-4960-4429-945f-4e5f27c54736	GET	/lists?userId=1	http://localhost:5173
20231030	20:42:58	91f465ce-cbdf-4f5e-b080-ad51a89303de	GET	/tasks?userId=1	http://localhost:5173
20231030	20:48:33	dc786761-bce6-470b-961e-ea742e624e86	GET	/tasks/planned?userId=1	http://localhost:5173
20231030	20:48:37	4527f4c6-7499-42ac-8f53-cafb161cdab9	GET	/tasks?userId=1	http://localhost:5173
20231030	20:48:48	09a3fcca-68e9-4897-b8d0-e3ba6e602f96	GET	/lists?userId=1	http://localhost:5173
20231030	20:48:48	20efc38f-c50d-498e-8105-c3190233a776	GET	/tasks?userId=1	http://localhost:5173
20231030	20:48:54	bab48ee0-77ed-4587-9774-5298788e6366	GET	/lists?userId=1	http://localhost:5173
20231030	20:48:54	a30b8927-ec08-40a8-b6eb-47352b6ff0f5	GET	/tasks?userId=1	http://localhost:5173
20231030	20:51:26	60fba58c-6a80-420c-9443-09b9632bfd8e	GET	/lists?userId=1	http://localhost:5173
20231030	20:51:26	fd9952fd-8f7e-47b1-9b26-caa27ad8ebf6	GET	/tasks?userId=1	http://localhost:5173
20231030	20:51:31	7aeba999-a063-413e-88e2-bad25381870e	GET	/lists?userId=1	http://localhost:5173
20231030	20:51:31	5ccb2cfd-2d0d-47fa-9976-9e093fa57075	GET	/tasks?userId=1	http://localhost:5173
20231030	20:54:58	ed14a1da-ca43-4afb-ada6-6345270e15ca	GET	/lists?userId=1	http://localhost:5173
20231030	20:54:58	528089e8-212b-40a7-8f6f-c992f5c797f4	GET	/tasks?userId=1	http://localhost:5173
20231030	20:56:05	017a0df6-4df1-47eb-8bf5-af3ccd32af88	GET	/lists?userId=1	http://localhost:5173
20231030	20:56:05	7180f5e0-ee26-4124-ad2b-a8d0c3738988	GET	/tasks?userId=1	http://localhost:5173
20231030	21:01:15	b9f3d571-ed8c-4dfb-abca-dd5d3eaaeba1	GET	/lists?userId=1	http://localhost:5173
20231030	21:01:15	548ec6d0-0cb4-454b-a087-f1b4aa107cbc	GET	/tasks?userId=1	http://localhost:5173
20231030	21:01:20	b8583f2a-5a3b-466b-8b47-954cb27e6e70	GET	/lists?userId=1	http://localhost:5173
20231030	21:01:20	8561c943-d43b-4c40-95f9-4fd484119198	GET	/tasks?userId=1	http://localhost:5173
20231030	21:01:52	278e4e97-c46e-4eb4-9b3e-7a8beeed6280	GET	/lists?userId=1	http://localhost:5173
20231030	21:01:52	7b078e9f-85f7-4070-94f4-ba567483f35e	GET	/tasks?userId=1	http://localhost:5173
20231030	21:03:18	df79a258-fd15-463e-b2d3-7ed9ffc86796	GET	/lists?userId=1	http://localhost:5173
20231030	21:03:18	f3a1a0ed-08c4-4147-9d91-11af2f4070ef	GET	/tasks?userId=1	http://localhost:5173
20231030	21:03:37	5b441dc5-a612-45a3-a380-879638c880fb	GET	/lists?userId=1	http://localhost:5173
20231030	21:03:37	9796f17b-c97f-4a24-84a6-aba43add28fa	GET	/tasks?userId=1	http://localhost:5173
20231030	21:04:40	cd2b65f9-ec34-4885-8647-a6b0dc41c769	GET	/tasks?userId=1	http://localhost:5173
20231030	21:04:40	15976d39-f134-420c-9a49-dfcc604a0697	GET	/lists?userId=1	http://localhost:5173
20231030	21:04:43	92b6957c-1a8a-43c1-92be-6bcc4a6af73e	OPTIONS	/lists?userId=1&listId=1008	http://localhost:5173
20231030	21:04:43	16b876f0-84fc-4c72-b25b-7a274ac846ed	DELETE	/lists?userId=1&listId=1008	http://localhost:5173
20231030	21:04:44	2a2bf0b1-6d9f-490d-ba5e-351504f147ab	GET	/lists?userId=1	http://localhost:5173
20231030	21:04:45	16a7e559-b2a1-4cf8-9879-463b88831013	DELETE	/lists?userId=1&listId=1008	http://localhost:5173
20231030	21:04:45	ecedc052-6044-4c7f-a064-da7447f4fcb0	OPTIONS	/lists?userId=1&listId=1007	http://localhost:5173
20231030	21:04:45	20fb5574-7275-4ad0-b259-792499a08773	DELETE	/lists?userId=1&listId=1007	http://localhost:5173
20231030	21:04:45	38213204-2be8-48dc-a126-450948bf24a3	GET	/lists?userId=1	http://localhost:5173
20231030	21:04:45	c98310b9-6cd0-44ed-ba1e-64819c57e967	GET	/lists?userId=1	http://localhost:5173
20231030	21:09:41	e1ccc4a8-f53c-49eb-aa50-e69737894597	GET	/tasks?userId=1	http://localhost:5173
20231030	21:09:41	ede1cd5b-2db9-4ba3-b7ba-f6c4549d8569	GET	/lists?userId=1	http://localhost:5173
20231030	21:10:39	2e4747dd-6f34-4f8a-bde3-26eab137202f	OPTIONS	/tasks	http://localhost:5173
20231030	21:10:39	976084b4-cfdd-425d-b0b2-00b169affa71	OPTIONS	/tasks	http://localhost:5173
20231030	21:10:39	e54b0ed1-deca-4ad1-be2e-33340c311563	DELETE	/tasks	http://localhost:5173
20231030	21:10:39	374034f1-8816-47d7-af39-7d000e14daf3	DELETE	/tasks	http://localhost:5173
20231030	21:10:41	ab05bb0c-1045-4a5d-a8d2-369598884c8e	GET	/lists?userId=1	http://localhost:5173
20231030	21:10:41	761f58bb-93a1-4835-bd11-dd1e1df89457	GET	/tasks?userId=1	http://localhost:5173
20231030	21:10:43	1fe6f04f-da89-4bdd-9cee-103b70c6459c	DELETE	/tasks	http://localhost:5173
20231030	21:11:28	668654c1-2136-4436-b80a-35f7e0c275f3	GET	/tasks?userId=1	http://localhost:5173
20231030	21:11:28	ec2a90e7-b2eb-4187-8c57-cbab1a22ad34	GET	/lists?userId=1	http://localhost:5173
20231030	21:11:35	ad955347-8a6b-40ce-9290-658f96253e0e	OPTIONS	/tasks?taskId=3	http://localhost:5173
20231030	21:11:35	e8550355-3525-4a51-9a8c-e30d2bf24971	DELETE	/tasks?taskId=3	http://localhost:5173
20231030	21:11:37	cf629ec6-bbf7-4b7c-be9f-90da58dc4842	GET	/lists?userId=1	http://localhost:5173
20231030	21:11:37	553fa6c8-e056-45e8-be20-56d6dabb173c	GET	/tasks?userId=1	http://localhost:5173
20231030	21:12:06	087a8b6f-0169-4acf-ae48-d066bbd22b4a	GET	/lists?userId=1	http://localhost:5173
20231030	21:12:06	d5882df2-ad59-46c3-bd66-5f79f71ace89	GET	/tasks?userId=1	http://localhost:5173
20231030	21:12:40	da6357d6-1ee8-46fe-b8c6-47fae8c91765	GET	/tasks?userId=1	http://localhost:5173
20231030	21:12:40	147b9886-873f-434d-aecc-4ec5b9c266f7	GET	/lists?userId=1	http://localhost:5173
20231030	21:12:44	00f563c1-f381-4f46-8b27-21a639fbd83a	OPTIONS	/lists?userId=1&listId=9	http://localhost:5173
20231030	21:12:44	aa11f405-3652-4935-9670-d5bbfbc2fc7d	DELETE	/lists?userId=1&listId=9	http://localhost:5173
20231030	21:12:44	fe5f4e72-6cf8-4946-85fc-d763fd110fcb	GET	/lists?userId=1	http://localhost:5173
20231030	21:12:55	e40d5e5f-2e3e-46df-95c6-38c49b246a9d	OPTIONS	/lists	http://localhost:5173
20231030	21:12:55	8321b6ac-d871-4e88-91d6-7c59e5ea8316	POST	/lists	http://localhost:5173
20231030	21:12:55	8c49d990-7293-4fae-8519-c6bfbf59cb5f	GET	/lists?userId=1	http://localhost:5173
20231030	21:13:03	1271a0f2-7a18-4e48-adc8-d88949beb5d8	OPTIONS	/tasks?taskId=6	http://localhost:5173
20231030	21:13:03	ebd0436c-93b4-463e-a87e-b146eba82127	OPTIONS	/tasks?taskId=8	http://localhost:5173
20231030	21:13:03	75ec799c-ff3f-458e-bc39-517294568043	DELETE	/tasks?taskId=6	http://localhost:5173
20231030	21:13:03	693c45cf-14cf-412e-a277-719cb778ddc4	DELETE	/tasks?taskId=8	http://localhost:5173
20231030	21:13:05	a2265fd3-ffb9-464e-8167-dc0eed6a064a	GET	/lists?userId=1	http://localhost:5173
20231030	21:13:05	1731b425-e662-45aa-a64f-7ee119808383	GET	/tasks?userId=1	http://localhost:5173
20231030	21:14:00	554664c4-58a6-4715-88e2-3fa0dc3380d5	GET	/tasks?userId=1	http://localhost:5173
20231030	21:14:00	2dd3b3cb-18dd-4369-b7b6-83f24d918fa0	GET	/lists?userId=1	http://localhost:5173
20231030	21:14:04	670ec628-6afb-43e1-bc1a-7ba49863476b	OPTIONS	/tasks?taskId=5	http://localhost:5173
20231030	21:14:04	004c0ab9-67fa-4e47-8c00-31e0aa1bbdeb	DELETE	/tasks?taskId=5	http://localhost:5173
20231030	21:14:04	447a69ed-b6e9-4323-bfe7-2c4b531f0cd2	GET	/tasks	http://localhost:5173
20231030	21:14:06	b6d315e2-fde5-484c-86de-cbe68dcf91db	GET	/lists?userId=1	http://localhost:5173
20231030	21:14:06	262c458b-6c43-4782-a3b9-96bc93155790	GET	/tasks?userId=1	http://localhost:5173
20231030	21:15:54	e6799e9f-7afb-4456-b2fc-ea602cd6f4ab	GET	/lists?userId=1	http://localhost:5173
20231030	21:15:54	999a40e1-e651-4367-81d4-d3b9eb77ad92	GET	/tasks?userId=1	http://localhost:5173
20231030	21:15:59	b38e16ab-437c-45eb-a4a3-c5b9dcd3cc4a	OPTIONS	/tasks?taskId=7	http://localhost:5173
20231030	21:15:59	5c5cabd3-92f3-4dfa-9116-2d01a79ab367	DELETE	/tasks?taskId=7	http://localhost:5173
20231030	21:15:59	bf7b400f-8927-48d2-9a67-9be12015520b	GET	/tasks?userId=1	http://localhost:5173
20231030	21:16:02	aa2027a1-357f-4ad3-9862-795d2de6e55d	OPTIONS	/lists?userId=1&listId=2007	http://localhost:5173
20231030	21:16:02	fdb5d6cf-641e-4f55-9fb2-f95e0d98a8fe	DELETE	/lists?userId=1&listId=2007	http://localhost:5173
20231030	21:16:02	d04b6a1e-966e-41dd-8a6b-634930fb286c	GET	/lists?userId=1	http://localhost:5173
20231030	21:17:28	3ba887ff-b463-4d0c-825b-d2b836651c1c	OPTIONS	/auth/login	http://localhost:5173
20231030	21:17:28	4dc1ae0d-efba-42d2-ac67-c168042467f7	POST	/auth/login	http://localhost:5173
20231030	21:17:28	cea97b38-fb3c-4fb4-bc3d-6fc57188f060	GET	/lists?userId=2	http://localhost:5173
20231030	21:17:28	b3128147-bdde-49a7-a15f-b89d64c3af06	GET	/tasks?userId=2	http://localhost:5173
20231030	21:17:34	6421e173-e909-4c73-ae66-15d4baabab4d	GET	/tasks/myday?userId=2	http://localhost:5173
20231030	21:17:36	f207a842-a681-4a14-9704-041a73793355	GET	/tasks/myday?userId=2	http://localhost:5173
20231030	21:17:36	2b6c7971-71a4-4784-aa7b-f2163e87e14f	GET	/tasks/important?userId=2	http://localhost:5173
20231030	21:17:37	d5aec5e7-7763-49b9-946b-6610f950a539	GET	/tasks/planned?userId=2	http://localhost:5173
20231030	21:17:37	110deeae-6530-4015-b18a-9273a0cc25b3	GET	/tasks?userId=2	http://localhost:5173
20231030	21:17:48	d0c89f37-8be7-4850-a2ae-8a5fef0f6a1b	OPTIONS	/auth/login	http://localhost:5173
20231030	21:17:48	aabb996e-5bda-4e46-ac4d-95fc578f79bf	POST	/auth/login	http://localhost:5173
20231030	21:17:48	5df5ed09-1c99-4ace-83d7-099b3ea3455a	GET	/lists?userId=1	http://localhost:5173
20231030	21:17:48	425d7087-b9dd-4d11-ac99-d6404378dfa3	GET	/tasks?userId=1	http://localhost:5173
